{"/home/dennis/code_work/express-jobly/app.js": {"path":"/home/dennis/code_work/express-jobly/app.js","statementMap":{"0":{"start":{"line":5,"column":16},"end":{"line":5,"column":34}},"1":{"start":{"line":6,"column":13},"end":{"line":6,"column":28}},"2":{"start":{"line":8,"column":26},"end":{"line":8,"column":51}},"3":{"start":{"line":10,"column":28},"end":{"line":10,"column":56}},"4":{"start":{"line":11,"column":19},"end":{"line":11,"column":43}},"5":{"start":{"line":12,"column":24},"end":{"line":12,"column":53}},"6":{"start":{"line":13,"column":20},"end":{"line":13,"column":45}},"7":{"start":{"line":14,"column":18},"end":{"line":14,"column":42}},"8":{"start":{"line":16,"column":15},"end":{"line":16,"column":32}},"9":{"start":{"line":18,"column":12},"end":{"line":18,"column":21}},"10":{"start":{"line":20,"column":0},"end":{"line":20,"column":16}},"11":{"start":{"line":21,"column":0},"end":{"line":21,"column":24}},"12":{"start":{"line":22,"column":0},"end":{"line":22,"column":24}},"13":{"start":{"line":23,"column":0},"end":{"line":23,"column":25}},"14":{"start":{"line":25,"column":0},"end":{"line":25,"column":29}},"15":{"start":{"line":26,"column":0},"end":{"line":26,"column":39}},"16":{"start":{"line":27,"column":0},"end":{"line":27,"column":31}},"17":{"start":{"line":28,"column":0},"end":{"line":28,"column":27}},"18":{"start":{"line":31,"column":0},"end":{"line":33,"column":3}},"19":{"start":{"line":32,"column":2},"end":{"line":32,"column":35}},"20":{"start":{"line":36,"column":0},"end":{"line":44,"column":3}},"21":{"start":{"line":37,"column":2},"end":{"line":37,"column":64}},"22":{"start":{"line":37,"column":39},"end":{"line":37,"column":64}},"23":{"start":{"line":38,"column":17},"end":{"line":38,"column":34}},"24":{"start":{"line":39,"column":18},"end":{"line":39,"column":29}},"25":{"start":{"line":41,"column":2},"end":{"line":43,"column":5}},"26":{"start":{"line":46,"column":0},"end":{"line":46,"column":21}}},"fnMap":{"0":{"name":"(anonymous_0)","decl":{"start":{"line":31,"column":8},"end":{"line":31,"column":9}},"loc":{"start":{"line":31,"column":34},"end":{"line":33,"column":1}},"line":31},"1":{"name":"(anonymous_1)","decl":{"start":{"line":36,"column":8},"end":{"line":36,"column":9}},"loc":{"start":{"line":36,"column":39},"end":{"line":44,"column":1}},"line":36}},"branchMap":{"0":{"loc":{"start":{"line":37,"column":2},"end":{"line":37,"column":64}},"type":"if","locations":[{"start":{"line":37,"column":2},"end":{"line":37,"column":64}},{"start":{},"end":{}}],"line":37},"1":{"loc":{"start":{"line":38,"column":17},"end":{"line":38,"column":34}},"type":"binary-expr","locations":[{"start":{"line":38,"column":17},"end":{"line":38,"column":27}},{"start":{"line":38,"column":31},"end":{"line":38,"column":34}}],"line":38}},"s":{"0":5,"1":5,"2":5,"3":5,"4":5,"5":5,"6":5,"7":5,"8":5,"9":5,"10":5,"11":5,"12":5,"13":5,"14":5,"15":5,"16":5,"17":5,"18":5,"19":3,"20":5,"21":61,"22":1,"23":61,"24":61,"25":61,"26":5},"f":{"0":3,"1":61},"b":{"0":[1,60],"1":[61,3]},"_coverageSchema":"1a1c01bbd47fc00a2c39e90264f33305004495a9","hash":"503b3d3a02aba38c8349b529c0066374a3e08c71"}
,"/home/dennis/code_work/express-jobly/config.js": {"path":"/home/dennis/code_work/express-jobly/config.js","statementMap":{"0":{"start":{"line":5,"column":0},"end":{"line":5,"column":27}},"1":{"start":{"line":6,"column":0},"end":{"line":6,"column":18}},"2":{"start":{"line":8,"column":19},"end":{"line":8,"column":57}},"3":{"start":{"line":10,"column":13},"end":{"line":10,"column":38}},"4":{"start":{"line":14,"column":2},"end":{"line":16,"column":85}},"5":{"start":{"line":22,"column":27},"end":{"line":22,"column":67}},"6":{"start":{"line":24,"column":0},"end":{"line":24,"column":35}},"7":{"start":{"line":25,"column":0},"end":{"line":25,"column":46}},"8":{"start":{"line":26,"column":0},"end":{"line":26,"column":45}},"9":{"start":{"line":27,"column":0},"end":{"line":27,"column":61}},"10":{"start":{"line":28,"column":0},"end":{"line":28,"column":50}},"11":{"start":{"line":29,"column":0},"end":{"line":29,"column":19}},"12":{"start":{"line":31,"column":0},"end":{"line":36,"column":2}}},"fnMap":{"0":{"name":"getDatabaseUri","decl":{"start":{"line":13,"column":9},"end":{"line":13,"column":23}},"loc":{"start":{"line":13,"column":26},"end":{"line":17,"column":1}},"line":13}},"branchMap":{"0":{"loc":{"start":{"line":8,"column":19},"end":{"line":8,"column":57}},"type":"binary-expr","locations":[{"start":{"line":8,"column":19},"end":{"line":8,"column":41}},{"start":{"line":8,"column":45},"end":{"line":8,"column":57}}],"line":8},"1":{"loc":{"start":{"line":10,"column":13},"end":{"line":10,"column":38}},"type":"binary-expr","locations":[{"start":{"line":10,"column":13},"end":{"line":10,"column":30}},{"start":{"line":10,"column":34},"end":{"line":10,"column":38}}],"line":10},"2":{"loc":{"start":{"line":14,"column":9},"end":{"line":16,"column":84}},"type":"cond-expr","locations":[{"start":{"line":15,"column":8},"end":{"line":15,"column":61}},{"start":{"line":16,"column":8},"end":{"line":16,"column":84}}],"line":14},"3":{"loc":{"start":{"line":16,"column":8},"end":{"line":16,"column":84}},"type":"binary-expr","locations":[{"start":{"line":16,"column":8},"end":{"line":16,"column":32}},{"start":{"line":16,"column":36},"end":{"line":16,"column":84}}],"line":16},"4":{"loc":{"start":{"line":22,"column":27},"end":{"line":22,"column":67}},"type":"cond-expr","locations":[{"start":{"line":22,"column":61},"end":{"line":22,"column":62}},{"start":{"line":22,"column":65},"end":{"line":22,"column":67}}],"line":22}},"s":{"0":11,"1":11,"2":11,"3":11,"4":22,"5":11,"6":11,"7":11,"8":11,"9":11,"10":11,"11":11,"12":11},"f":{"0":22},"b":{"0":[11,10],"1":[11,10],"2":[19,3],"3":[3,1],"4":[10,1]},"_coverageSchema":"1a1c01bbd47fc00a2c39e90264f33305004495a9","hash":"3cdd24b0404741a73a9f2dc3b26c1b9e5c66b3fa"}
,"/home/dennis/code_work/express-jobly/db.js": {"path":"/home/dennis/code_work/express-jobly/db.js","statementMap":{"0":{"start":{"line":3,"column":19},"end":{"line":3,"column":32}},"1":{"start":{"line":4,"column":27},"end":{"line":4,"column":46}},"2":{"start":{"line":8,"column":0},"end":{"line":19,"column":1}},"3":{"start":{"line":9,"column":2},"end":{"line":14,"column":5}},"4":{"start":{"line":16,"column":2},"end":{"line":18,"column":5}},"5":{"start":{"line":21,"column":0},"end":{"line":21,"column":13}},"6":{"start":{"line":23,"column":0},"end":{"line":23,"column":20}}},"fnMap":{},"branchMap":{"0":{"loc":{"start":{"line":8,"column":0},"end":{"line":19,"column":1}},"type":"if","locations":[{"start":{"line":8,"column":0},"end":{"line":19,"column":1}},{"start":{"line":15,"column":7},"end":{"line":19,"column":1}}],"line":8}},"s":{"0":8,"1":8,"2":8,"3":0,"4":8,"5":8,"6":8},"f":{},"b":{"0":[0,8]},"_coverageSchema":"1a1c01bbd47fc00a2c39e90264f33305004495a9","hash":"0b26c0508a0efa3098f4d8f405910bd280ed130a"}
,"/home/dennis/code_work/express-jobly/expressError.js": {"path":"/home/dennis/code_work/express-jobly/expressError.js","statementMap":{"0":{"start":{"line":9,"column":4},"end":{"line":9,"column":12}},"1":{"start":{"line":10,"column":4},"end":{"line":10,"column":27}},"2":{"start":{"line":11,"column":4},"end":{"line":11,"column":25}},"3":{"start":{"line":19,"column":4},"end":{"line":19,"column":24}},"4":{"start":{"line":27,"column":4},"end":{"line":27,"column":24}},"5":{"start":{"line":35,"column":4},"end":{"line":35,"column":24}},"6":{"start":{"line":43,"column":4},"end":{"line":43,"column":24}},"7":{"start":{"line":47,"column":0},"end":{"line":53,"column":2}}},"fnMap":{"0":{"name":"(anonymous_0)","decl":{"start":{"line":8,"column":2},"end":{"line":8,"column":3}},"loc":{"start":{"line":8,"column":31},"end":{"line":12,"column":3}},"line":8},"1":{"name":"(anonymous_1)","decl":{"start":{"line":18,"column":2},"end":{"line":18,"column":3}},"loc":{"start":{"line":18,"column":37},"end":{"line":20,"column":3}},"line":18},"2":{"name":"(anonymous_2)","decl":{"start":{"line":26,"column":2},"end":{"line":26,"column":3}},"loc":{"start":{"line":26,"column":40},"end":{"line":28,"column":3}},"line":26},"3":{"name":"(anonymous_3)","decl":{"start":{"line":34,"column":2},"end":{"line":34,"column":3}},"loc":{"start":{"line":34,"column":39},"end":{"line":36,"column":3}},"line":34},"4":{"name":"(anonymous_4)","decl":{"start":{"line":42,"column":2},"end":{"line":42,"column":3}},"loc":{"start":{"line":42,"column":39},"end":{"line":44,"column":3}},"line":42}},"branchMap":{"0":{"loc":{"start":{"line":18,"column":14},"end":{"line":18,"column":35}},"type":"default-arg","locations":[{"start":{"line":18,"column":24},"end":{"line":18,"column":35}}],"line":18},"1":{"loc":{"start":{"line":26,"column":14},"end":{"line":26,"column":38}},"type":"default-arg","locations":[{"start":{"line":26,"column":24},"end":{"line":26,"column":38}}],"line":26},"2":{"loc":{"start":{"line":34,"column":14},"end":{"line":34,"column":37}},"type":"default-arg","locations":[{"start":{"line":34,"column":24},"end":{"line":34,"column":37}}],"line":34},"3":{"loc":{"start":{"line":42,"column":14},"end":{"line":42,"column":37}},"type":"default-arg","locations":[{"start":{"line":42,"column":24},"end":{"line":42,"column":37}}],"line":42}},"s":{"0":81,"1":81,"2":81,"3":21,"4":28,"5":32,"6":0,"7":10},"f":{"0":81,"1":21,"2":28,"3":32,"4":0},"b":{"0":[3],"1":[12],"2":[0],"3":[0]},"_coverageSchema":"1a1c01bbd47fc00a2c39e90264f33305004495a9","hash":"8913dbe86157eaa3663158c4736004a06bcd5250"}
,"/home/dennis/code_work/express-jobly/helpers/sql.js": {"path":"/home/dennis/code_work/express-jobly/helpers/sql.js","statementMap":{"0":{"start":{"line":1,"column":28},"end":{"line":1,"column":54}},"1":{"start":{"line":20,"column":15},"end":{"line":20,"column":40}},"2":{"start":{"line":21,"column":2},"end":{"line":21,"column":62}},"3":{"start":{"line":21,"column":25},"end":{"line":21,"column":62}},"4":{"start":{"line":24,"column":15},"end":{"line":26,"column":3}},"5":{"start":{"line":25,"column":6},"end":{"line":25,"column":52}},"6":{"start":{"line":27,"column":2},"end":{"line":30,"column":4}},"7":{"start":{"line":33,"column":0},"end":{"line":33,"column":41}}},"fnMap":{"0":{"name":"sqlForPartialUpdate","decl":{"start":{"line":19,"column":9},"end":{"line":19,"column":28}},"loc":{"start":{"line":19,"column":52},"end":{"line":31,"column":1}},"line":19},"1":{"name":"(anonymous_1)","decl":{"start":{"line":24,"column":24},"end":{"line":24,"column":25}},"loc":{"start":{"line":25,"column":6},"end":{"line":25,"column":52}},"line":25}},"branchMap":{"0":{"loc":{"start":{"line":21,"column":2},"end":{"line":21,"column":62}},"type":"if","locations":[{"start":{"line":21,"column":2},"end":{"line":21,"column":62}},{"start":{},"end":{}}],"line":21},"1":{"loc":{"start":{"line":25,"column":10},"end":{"line":25,"column":37}},"type":"binary-expr","locations":[{"start":{"line":25,"column":10},"end":{"line":25,"column":26}},{"start":{"line":25,"column":30},"end":{"line":25,"column":37}}],"line":25}},"s":{"0":9,"1":24,"2":24,"3":4,"4":20,"5":41,"6":20,"7":9},"f":{"0":24,"1":41},"b":{"0":[4,20],"1":[41,27]},"_coverageSchema":"1a1c01bbd47fc00a2c39e90264f33305004495a9","hash":"36ff9a47c9f6919b0da0e4fef1f2e7391d3965f5"}
,"/home/dennis/code_work/express-jobly/helpers/tokens.js": {"path":"/home/dennis/code_work/express-jobly/helpers/tokens.js","statementMap":{"0":{"start":{"line":1,"column":12},"end":{"line":1,"column":35}},"1":{"start":{"line":2,"column":23},"end":{"line":2,"column":43}},"2":{"start":{"line":7,"column":2},"end":{"line":8,"column":58}},"3":{"start":{"line":10,"column":16},"end":{"line":13,"column":3}},"4":{"start":{"line":15,"column":2},"end":{"line":15,"column":39}},"5":{"start":{"line":18,"column":0},"end":{"line":18,"column":33}}},"fnMap":{"0":{"name":"createToken","decl":{"start":{"line":6,"column":9},"end":{"line":6,"column":20}},"loc":{"start":{"line":6,"column":27},"end":{"line":16,"column":1}},"line":6}},"branchMap":{"0":{"loc":{"start":{"line":12,"column":13},"end":{"line":12,"column":34}},"type":"binary-expr","locations":[{"start":{"line":12,"column":13},"end":{"line":12,"column":25}},{"start":{"line":12,"column":29},"end":{"line":12,"column":34}}],"line":12}},"s":{"0":6,"1":6,"2":15,"3":15,"4":15,"5":6},"f":{"0":15},"b":{"0":[15,9]},"_coverageSchema":"1a1c01bbd47fc00a2c39e90264f33305004495a9","hash":"f94bedd6aafc8246c6253bd1a312d2d3be31b349"}
,"/home/dennis/code_work/express-jobly/middleware/auth.js": {"path":"/home/dennis/code_work/express-jobly/middleware/auth.js","statementMap":{"0":{"start":{"line":5,"column":12},"end":{"line":5,"column":35}},"1":{"start":{"line":6,"column":23},"end":{"line":6,"column":43}},"2":{"start":{"line":7,"column":30},"end":{"line":7,"column":56}},"3":{"start":{"line":19,"column":2},"end":{"line":28,"column":3}},"4":{"start":{"line":20,"column":23},"end":{"line":20,"column":63}},"5":{"start":{"line":21,"column":4},"end":{"line":24,"column":5}},"6":{"start":{"line":22,"column":20},"end":{"line":22,"column":64}},"7":{"start":{"line":23,"column":6},"end":{"line":23,"column":54}},"8":{"start":{"line":25,"column":4},"end":{"line":25,"column":18}},"9":{"start":{"line":27,"column":4},"end":{"line":27,"column":18}},"10":{"start":{"line":37,"column":2},"end":{"line":42,"column":3}},"11":{"start":{"line":38,"column":4},"end":{"line":38,"column":56}},"12":{"start":{"line":38,"column":26},"end":{"line":38,"column":56}},"13":{"start":{"line":39,"column":4},"end":{"line":39,"column":18}},"14":{"start":{"line":41,"column":4},"end":{"line":41,"column":21}},"15":{"start":{"line":53,"column":2},"end":{"line":59,"column":3}},"16":{"start":{"line":54,"column":4},"end":{"line":54,"column":55}},"17":{"start":{"line":54,"column":42},"end":{"line":54,"column":55}},"18":{"start":{"line":55,"column":4},"end":{"line":55,"column":114}},"19":{"start":{"line":55,"column":42},"end":{"line":55,"column":114}},"20":{"start":{"line":56,"column":4},"end":{"line":56,"column":18}},"21":{"start":{"line":58,"column":4},"end":{"line":58,"column":21}},"22":{"start":{"line":69,"column":2},"end":{"line":75,"column":3}},"23":{"start":{"line":70,"column":4},"end":{"line":71,"column":35}},"24":{"start":{"line":71,"column":4},"end":{"line":71,"column":35}},"25":{"start":{"line":72,"column":4},"end":{"line":72,"column":18}},"26":{"start":{"line":74,"column":4},"end":{"line":74,"column":21}},"27":{"start":{"line":79,"column":0},"end":{"line":84,"column":2}}},"fnMap":{"0":{"name":"authenticateJWT","decl":{"start":{"line":18,"column":9},"end":{"line":18,"column":24}},"loc":{"start":{"line":18,"column":41},"end":{"line":29,"column":1}},"line":18},"1":{"name":"ensureLoggedIn","decl":{"start":{"line":36,"column":9},"end":{"line":36,"column":23}},"loc":{"start":{"line":36,"column":40},"end":{"line":43,"column":1}},"line":36},"2":{"name":"ensureIsAdmin","decl":{"start":{"line":52,"column":10},"end":{"line":52,"column":23}},"loc":{"start":{"line":52,"column":40},"end":{"line":60,"column":1}},"line":52},"3":{"name":"ensureSameUser","decl":{"start":{"line":68,"column":10},"end":{"line":68,"column":24}},"loc":{"start":{"line":68,"column":41},"end":{"line":76,"column":1}},"line":68}},"branchMap":{"0":{"loc":{"start":{"line":20,"column":23},"end":{"line":20,"column":63}},"type":"binary-expr","locations":[{"start":{"line":20,"column":23},"end":{"line":20,"column":34}},{"start":{"line":20,"column":38},"end":{"line":20,"column":63}}],"line":20},"1":{"loc":{"start":{"line":21,"column":4},"end":{"line":24,"column":5}},"type":"if","locations":[{"start":{"line":21,"column":4},"end":{"line":24,"column":5}},{"start":{},"end":{}}],"line":21},"2":{"loc":{"start":{"line":38,"column":4},"end":{"line":38,"column":56}},"type":"if","locations":[{"start":{"line":38,"column":4},"end":{"line":38,"column":56}},{"start":{},"end":{}}],"line":38},"3":{"loc":{"start":{"line":54,"column":4},"end":{"line":54,"column":55}},"type":"if","locations":[{"start":{"line":54,"column":4},"end":{"line":54,"column":55}},{"start":{},"end":{}}],"line":54},"4":{"loc":{"start":{"line":55,"column":4},"end":{"line":55,"column":114}},"type":"if","locations":[{"start":{"line":55,"column":4},"end":{"line":55,"column":114}},{"start":{},"end":{}}],"line":55},"5":{"loc":{"start":{"line":70,"column":4},"end":{"line":71,"column":35}},"type":"if","locations":[{"start":{"line":70,"column":4},"end":{"line":71,"column":35}},{"start":{},"end":{}}],"line":70}},"s":{"0":6,"1":6,"2":6,"3":94,"4":94,"5":94,"6":59,"7":59,"8":93,"9":1,"10":67,"11":67,"12":12,"13":55,"14":12,"15":56,"16":56,"17":6,"18":50,"19":12,"20":38,"21":12,"22":23,"23":23,"24":7,"25":23,"26":0,"27":6},"f":{"0":94,"1":67,"2":56,"3":23},"b":{"0":[94,93],"1":[59,35],"2":[12,55],"3":[6,50],"4":[12,38],"5":[7,16]},"_coverageSchema":"1a1c01bbd47fc00a2c39e90264f33305004495a9","hash":"afd0fc4e47d4de48898afee4a12618abecdb5e9a"}
,"/home/dennis/code_work/express-jobly/models/_testCommon.js": {"path":"/home/dennis/code_work/express-jobly/models/_testCommon.js","statementMap":{"0":{"start":{"line":1,"column":15},"end":{"line":1,"column":32}},"1":{"start":{"line":3,"column":11},"end":{"line":3,"column":30}},"2":{"start":{"line":4,"column":31},"end":{"line":4,"column":51}},"3":{"start":{"line":8,"column":2},"end":{"line":8,"column":42}},"4":{"start":{"line":10,"column":2},"end":{"line":10,"column":38}},"5":{"start":{"line":12,"column":2},"end":{"line":12,"column":37}},"6":{"start":{"line":14,"column":3},"end":{"line":14,"column":46}},"7":{"start":{"line":16,"column":2},"end":{"line":23,"column":59}},"8":{"start":{"line":25,"column":2},"end":{"line":39,"column":4}},"9":{"start":{"line":41,"column":2},"end":{"line":45,"column":36}},"10":{"start":{"line":49,"column":2},"end":{"line":49,"column":26}},"11":{"start":{"line":53,"column":2},"end":{"line":53,"column":29}},"12":{"start":{"line":57,"column":2},"end":{"line":57,"column":17}},"13":{"start":{"line":60,"column":0},"end":{"line":65,"column":2}}},"fnMap":{"0":{"name":"commonBeforeAll","decl":{"start":{"line":6,"column":15},"end":{"line":6,"column":30}},"loc":{"start":{"line":6,"column":33},"end":{"line":46,"column":1}},"line":6},"1":{"name":"commonBeforeEach","decl":{"start":{"line":48,"column":15},"end":{"line":48,"column":31}},"loc":{"start":{"line":48,"column":34},"end":{"line":50,"column":1}},"line":48},"2":{"name":"commonAfterEach","decl":{"start":{"line":52,"column":15},"end":{"line":52,"column":30}},"loc":{"start":{"line":52,"column":33},"end":{"line":54,"column":1}},"line":52},"3":{"name":"commonAfterAll","decl":{"start":{"line":56,"column":15},"end":{"line":56,"column":29}},"loc":{"start":{"line":56,"column":32},"end":{"line":58,"column":1}},"line":56}},"branchMap":{},"s":{"0":3,"1":3,"2":3,"3":3,"4":3,"5":3,"6":3,"7":3,"8":3,"9":3,"10":57,"11":57,"12":3,"13":3},"f":{"0":3,"1":57,"2":57,"3":3},"b":{},"_coverageSchema":"1a1c01bbd47fc00a2c39e90264f33305004495a9","hash":"daac01363387dcd5addecaad748bd5f80016dea1"}
,"/home/dennis/code_work/express-jobly/models/company.js": {"path":"/home/dennis/code_work/express-jobly/models/company.js","statementMap":{"0":{"start":{"line":3,"column":11},"end":{"line":3,"column":27}},"1":{"start":{"line":4,"column":43},"end":{"line":4,"column":69}},"2":{"start":{"line":5,"column":32},"end":{"line":5,"column":57}},"3":{"start":{"line":20,"column":27},"end":{"line":24,"column":17}},"4":{"start":{"line":26,"column":4},"end":{"line":27,"column":64}},"5":{"start":{"line":27,"column":6},"end":{"line":27,"column":64}},"6":{"start":{"line":29,"column":19},"end":{"line":41,"column":5}},"7":{"start":{"line":42,"column":20},"end":{"line":42,"column":34}},"8":{"start":{"line":44,"column":4},"end":{"line":44,"column":19}},"9":{"start":{"line":53,"column":25},"end":{"line":60,"column":26}},"10":{"start":{"line":61,"column":4},"end":{"line":61,"column":29}},"11":{"start":{"line":74,"column":18},"end":{"line":74,"column":20}},"12":{"start":{"line":75,"column":4},"end":{"line":77,"column":5}},"13":{"start":{"line":76,"column":6},"end":{"line":76,"column":58}},"14":{"start":{"line":78,"column":4},"end":{"line":80,"column":5}},"15":{"start":{"line":79,"column":6},"end":{"line":79,"column":68}},"16":{"start":{"line":81,"column":4},"end":{"line":83,"column":5}},"17":{"start":{"line":82,"column":6},"end":{"line":82,"column":68}},"18":{"start":{"line":84,"column":22},"end":{"line":84,"column":44}},"19":{"start":{"line":86,"column":25},"end":{"line":94,"column":26}},"20":{"start":{"line":95,"column":4},"end":{"line":95,"column":29}},"21":{"start":{"line":112,"column":23},"end":{"line":126,"column":17}},"22":{"start":{"line":128,"column":20},"end":{"line":128,"column":38}},"23":{"start":{"line":130,"column":4},"end":{"line":130,"column":67}},"24":{"start":{"line":130,"column":18},"end":{"line":130,"column":67}},"25":{"start":{"line":132,"column":55},"end":{"line":132,"column":62}},"26":{"start":{"line":133,"column":14},"end":{"line":133,"column":16}},"27":{"start":{"line":134,"column":4},"end":{"line":138,"column":5}},"28":{"start":{"line":135,"column":6},"end":{"line":137,"column":7}},"29":{"start":{"line":136,"column":57},"end":{"line":136,"column":99}},"30":{"start":{"line":139,"column":27},"end":{"line":139,"column":80}},"31":{"start":{"line":140,"column":4},"end":{"line":140,"column":27}},"32":{"start":{"line":156,"column":32},"end":{"line":161,"column":10}},"33":{"start":{"line":162,"column":25},"end":{"line":162,"column":50}},"34":{"start":{"line":164,"column":21},"end":{"line":171,"column":54}},"35":{"start":{"line":172,"column":19},"end":{"line":172,"column":64}},"36":{"start":{"line":173,"column":20},"end":{"line":173,"column":34}},"37":{"start":{"line":175,"column":4},"end":{"line":175,"column":67}},"38":{"start":{"line":175,"column":18},"end":{"line":175,"column":67}},"39":{"start":{"line":177,"column":4},"end":{"line":177,"column":19}},"40":{"start":{"line":186,"column":19},"end":{"line":191,"column":17}},"41":{"start":{"line":192,"column":20},"end":{"line":192,"column":34}},"42":{"start":{"line":194,"column":4},"end":{"line":194,"column":67}},"43":{"start":{"line":194,"column":18},"end":{"line":194,"column":67}},"44":{"start":{"line":199,"column":0},"end":{"line":199,"column":25}}},"fnMap":{"0":{"name":"(anonymous_0)","decl":{"start":{"line":19,"column":2},"end":{"line":19,"column":3}},"loc":{"start":{"line":19,"column":76},"end":{"line":45,"column":3}},"line":19},"1":{"name":"(anonymous_1)","decl":{"start":{"line":52,"column":2},"end":{"line":52,"column":3}},"loc":{"start":{"line":52,"column":25},"end":{"line":62,"column":3}},"line":52},"2":{"name":"(anonymous_2)","decl":{"start":{"line":73,"column":2},"end":{"line":73,"column":3}},"loc":{"start":{"line":73,"column":42},"end":{"line":96,"column":3}},"line":73},"3":{"name":"(anonymous_3)","decl":{"start":{"line":111,"column":2},"end":{"line":111,"column":3}},"loc":{"start":{"line":111,"column":27},"end":{"line":141,"column":3}},"line":111},"4":{"name":"(anonymous_4)","decl":{"start":{"line":136,"column":8},"end":{"line":136,"column":9}},"loc":{"start":{"line":136,"column":57},"end":{"line":136,"column":99}},"line":136},"5":{"name":"(anonymous_5)","decl":{"start":{"line":155,"column":2},"end":{"line":155,"column":3}},"loc":{"start":{"line":155,"column":36},"end":{"line":178,"column":3}},"line":155},"6":{"name":"(anonymous_6)","decl":{"start":{"line":185,"column":2},"end":{"line":185,"column":3}},"loc":{"start":{"line":185,"column":30},"end":{"line":195,"column":3}},"line":185}},"branchMap":{"0":{"loc":{"start":{"line":26,"column":4},"end":{"line":27,"column":64}},"type":"if","locations":[{"start":{"line":26,"column":4},"end":{"line":27,"column":64}},{"start":{},"end":{}}],"line":26},"1":{"loc":{"start":{"line":75,"column":4},"end":{"line":77,"column":5}},"type":"if","locations":[{"start":{"line":75,"column":4},"end":{"line":77,"column":5}},{"start":{},"end":{}}],"line":75},"2":{"loc":{"start":{"line":78,"column":4},"end":{"line":80,"column":5}},"type":"if","locations":[{"start":{"line":78,"column":4},"end":{"line":80,"column":5}},{"start":{},"end":{}}],"line":78},"3":{"loc":{"start":{"line":81,"column":4},"end":{"line":83,"column":5}},"type":"if","locations":[{"start":{"line":81,"column":4},"end":{"line":83,"column":5}},{"start":{},"end":{}}],"line":81},"4":{"loc":{"start":{"line":130,"column":4},"end":{"line":130,"column":67}},"type":"if","locations":[{"start":{"line":130,"column":4},"end":{"line":130,"column":67}},{"start":{},"end":{}}],"line":130},"5":{"loc":{"start":{"line":134,"column":4},"end":{"line":138,"column":5}},"type":"if","locations":[{"start":{"line":134,"column":4},"end":{"line":138,"column":5}},{"start":{},"end":{}}],"line":134},"6":{"loc":{"start":{"line":175,"column":4},"end":{"line":175,"column":67}},"type":"if","locations":[{"start":{"line":175,"column":4},"end":{"line":175,"column":67}},{"start":{},"end":{}}],"line":175},"7":{"loc":{"start":{"line":194,"column":4},"end":{"line":194,"column":67}},"type":"if","locations":[{"start":{"line":194,"column":4},"end":{"line":194,"column":67}},{"start":{},"end":{}}],"line":194}},"s":{"0":6,"1":6,"2":6,"3":16,"4":16,"5":1,"6":15,"7":15,"8":15,"9":3,"10":2,"11":8,"12":8,"13":5,"14":8,"15":5,"16":8,"17":5,"18":8,"19":8,"20":8,"21":6,"22":6,"23":6,"24":2,"25":4,"26":4,"27":4,"28":2,"29":6,"30":4,"31":4,"32":6,"33":5,"34":5,"35":5,"36":5,"37":5,"38":2,"39":3,"40":4,"41":4,"42":4,"43":2,"44":6},"f":{"0":16,"1":3,"2":8,"3":6,"4":6,"5":6,"6":4},"b":{"0":[1,15],"1":[5,3],"2":[5,3],"3":[5,3],"4":[2,4],"5":[2,2],"6":[2,3],"7":[2,2]},"_coverageSchema":"1a1c01bbd47fc00a2c39e90264f33305004495a9","hash":"343c7056fca7c834e8db9a94b6475592bf01f817"}
,"/home/dennis/code_work/express-jobly/models/job.js": {"path":"/home/dennis/code_work/express-jobly/models/job.js","statementMap":{"0":{"start":{"line":1,"column":11},"end":{"line":1,"column":27}},"1":{"start":{"line":2,"column":43},"end":{"line":2,"column":69}},"2":{"start":{"line":3,"column":32},"end":{"line":3,"column":57}},"3":{"start":{"line":18,"column":25},"end":{"line":23,"column":5}},"4":{"start":{"line":25,"column":4},"end":{"line":26,"column":68}},"5":{"start":{"line":26,"column":6},"end":{"line":26,"column":68}},"6":{"start":{"line":28,"column":19},"end":{"line":34,"column":5}},"7":{"start":{"line":35,"column":16},"end":{"line":35,"column":30}},"8":{"start":{"line":37,"column":4},"end":{"line":37,"column":15}},"9":{"start":{"line":46,"column":20},"end":{"line":54,"column":5}},"10":{"start":{"line":55,"column":4},"end":{"line":55,"column":24}},"11":{"start":{"line":69,"column":19},"end":{"line":69,"column":21}},"12":{"start":{"line":70,"column":4},"end":{"line":72,"column":5}},"13":{"start":{"line":71,"column":6},"end":{"line":71,"column":61}},"14":{"start":{"line":73,"column":4},"end":{"line":75,"column":5}},"15":{"start":{"line":74,"column":6},"end":{"line":74,"column":59}},"16":{"start":{"line":76,"column":4},"end":{"line":80,"column":5}},"17":{"start":{"line":77,"column":6},"end":{"line":79,"column":7}},"18":{"start":{"line":78,"column":8},"end":{"line":78,"column":35}},"19":{"start":{"line":81,"column":22},"end":{"line":81,"column":44}},"20":{"start":{"line":82,"column":4},"end":{"line":82,"column":28}},"21":{"start":{"line":84,"column":20},"end":{"line":93,"column":5}},"22":{"start":{"line":94,"column":4},"end":{"line":94,"column":24}},"23":{"start":{"line":105,"column":19},"end":{"line":114,"column":5}},"24":{"start":{"line":116,"column":16},"end":{"line":116,"column":30}},"25":{"start":{"line":118,"column":4},"end":{"line":118,"column":55}},"26":{"start":{"line":118,"column":14},"end":{"line":118,"column":55}},"27":{"start":{"line":120,"column":4},"end":{"line":120,"column":15}},"28":{"start":{"line":136,"column":32},"end":{"line":136,"column":61}},"29":{"start":{"line":137,"column":21},"end":{"line":137,"column":46}},"30":{"start":{"line":139,"column":21},"end":{"line":146,"column":56}},"31":{"start":{"line":147,"column":19},"end":{"line":147,"column":60}},"32":{"start":{"line":148,"column":15},"end":{"line":148,"column":29}},"33":{"start":{"line":150,"column":4},"end":{"line":150,"column":55}},"34":{"start":{"line":150,"column":14},"end":{"line":150,"column":55}},"35":{"start":{"line":152,"column":4},"end":{"line":152,"column":15}},"36":{"start":{"line":161,"column":19},"end":{"line":167,"column":5}},"37":{"start":{"line":168,"column":16},"end":{"line":168,"column":30}},"38":{"start":{"line":170,"column":4},"end":{"line":170,"column":55}},"39":{"start":{"line":170,"column":14},"end":{"line":170,"column":55}},"40":{"start":{"line":174,"column":0},"end":{"line":174,"column":21}}},"fnMap":{"0":{"name":"(anonymous_0)","decl":{"start":{"line":17,"column":2},"end":{"line":17,"column":3}},"loc":{"start":{"line":17,"column":64},"end":{"line":38,"column":3}},"line":17},"1":{"name":"(anonymous_1)","decl":{"start":{"line":45,"column":2},"end":{"line":45,"column":3}},"loc":{"start":{"line":45,"column":25},"end":{"line":56,"column":3}},"line":45},"2":{"name":"(anonymous_2)","decl":{"start":{"line":68,"column":2},"end":{"line":68,"column":3}},"loc":{"start":{"line":68,"column":42},"end":{"line":95,"column":3}},"line":68},"3":{"name":"(anonymous_3)","decl":{"start":{"line":104,"column":2},"end":{"line":104,"column":3}},"loc":{"start":{"line":104,"column":23},"end":{"line":121,"column":3}},"line":104},"4":{"name":"(anonymous_4)","decl":{"start":{"line":135,"column":2},"end":{"line":135,"column":3}},"loc":{"start":{"line":135,"column":32},"end":{"line":153,"column":3}},"line":135},"5":{"name":"(anonymous_5)","decl":{"start":{"line":160,"column":2},"end":{"line":160,"column":3}},"loc":{"start":{"line":160,"column":26},"end":{"line":171,"column":3}},"line":160}},"branchMap":{"0":{"loc":{"start":{"line":25,"column":4},"end":{"line":26,"column":68}},"type":"if","locations":[{"start":{"line":25,"column":4},"end":{"line":26,"column":68}},{"start":{},"end":{}}],"line":25},"1":{"loc":{"start":{"line":70,"column":4},"end":{"line":72,"column":5}},"type":"if","locations":[{"start":{"line":70,"column":4},"end":{"line":72,"column":5}},{"start":{},"end":{}}],"line":70},"2":{"loc":{"start":{"line":73,"column":4},"end":{"line":75,"column":5}},"type":"if","locations":[{"start":{"line":73,"column":4},"end":{"line":75,"column":5}},{"start":{},"end":{}}],"line":73},"3":{"loc":{"start":{"line":76,"column":4},"end":{"line":80,"column":5}},"type":"if","locations":[{"start":{"line":76,"column":4},"end":{"line":80,"column":5}},{"start":{},"end":{}}],"line":76},"4":{"loc":{"start":{"line":77,"column":6},"end":{"line":79,"column":7}},"type":"if","locations":[{"start":{"line":77,"column":6},"end":{"line":79,"column":7}},{"start":{},"end":{}}],"line":77},"5":{"loc":{"start":{"line":118,"column":4},"end":{"line":118,"column":55}},"type":"if","locations":[{"start":{"line":118,"column":4},"end":{"line":118,"column":55}},{"start":{},"end":{}}],"line":118},"6":{"loc":{"start":{"line":150,"column":4},"end":{"line":150,"column":55}},"type":"if","locations":[{"start":{"line":150,"column":4},"end":{"line":150,"column":55}},{"start":{},"end":{}}],"line":150},"7":{"loc":{"start":{"line":170,"column":4},"end":{"line":170,"column":55}},"type":"if","locations":[{"start":{"line":170,"column":4},"end":{"line":170,"column":55}},{"start":{},"end":{}}],"line":170}},"s":{"0":6,"1":6,"2":6,"3":3,"4":3,"5":1,"6":2,"7":2,"8":2,"9":3,"10":2,"11":9,"12":9,"13":5,"14":9,"15":6,"16":9,"17":6,"18":5,"19":9,"20":9,"21":9,"22":9,"23":4,"24":4,"25":4,"26":2,"27":2,"28":6,"29":5,"30":5,"31":5,"32":5,"33":5,"34":2,"35":3,"36":4,"37":4,"38":4,"39":2,"40":6},"f":{"0":3,"1":3,"2":9,"3":4,"4":6,"5":4},"b":{"0":[1,2],"1":[5,4],"2":[6,3],"3":[6,3],"4":[5,1],"5":[2,2],"6":[2,3],"7":[2,2]},"_coverageSchema":"1a1c01bbd47fc00a2c39e90264f33305004495a9","hash":"e0c576a0ae1b4640b503acdc73f6af1df6feb8ec"}
,"/home/dennis/code_work/express-jobly/models/user.js": {"path":"/home/dennis/code_work/express-jobly/models/user.js","statementMap":{"0":{"start":{"line":3,"column":11},"end":{"line":3,"column":27}},"1":{"start":{"line":4,"column":15},"end":{"line":4,"column":32}},"2":{"start":{"line":5,"column":32},"end":{"line":5,"column":57}},"3":{"start":{"line":10,"column":4},"end":{"line":10,"column":30}},"4":{"start":{"line":12,"column":31},"end":{"line":12,"column":54}},"5":{"start":{"line":26,"column":19},"end":{"line":36,"column":5}},"6":{"start":{"line":38,"column":17},"end":{"line":38,"column":31}},"7":{"start":{"line":40,"column":4},"end":{"line":47,"column":5}},"8":{"start":{"line":42,"column":22},"end":{"line":42,"column":67}},"9":{"start":{"line":43,"column":6},"end":{"line":46,"column":7}},"10":{"start":{"line":44,"column":8},"end":{"line":44,"column":29}},"11":{"start":{"line":45,"column":8},"end":{"line":45,"column":20}},"12":{"start":{"line":49,"column":4},"end":{"line":49,"column":61}},"13":{"start":{"line":67,"column":27},"end":{"line":72,"column":5}},"14":{"start":{"line":74,"column":4},"end":{"line":76,"column":5}},"15":{"start":{"line":75,"column":6},"end":{"line":75,"column":67}},"16":{"start":{"line":78,"column":27},"end":{"line":78,"column":74}},"17":{"start":{"line":80,"column":19},"end":{"line":91,"column":5}},"18":{"start":{"line":93,"column":17},"end":{"line":93,"column":31}},"19":{"start":{"line":95,"column":4},"end":{"line":95,"column":16}},"20":{"start":{"line":104,"column":19},"end":{"line":112,"column":5}},"21":{"start":{"line":114,"column":4},"end":{"line":114,"column":23}},"22":{"start":{"line":126,"column":20},"end":{"line":135,"column":5}},"23":{"start":{"line":137,"column":17},"end":{"line":137,"column":32}},"24":{"start":{"line":139,"column":4},"end":{"line":139,"column":63}},"25":{"start":{"line":139,"column":15},"end":{"line":139,"column":63}},"26":{"start":{"line":141,"column":29},"end":{"line":146,"column":5}},"27":{"start":{"line":147,"column":4},"end":{"line":147,"column":56}},"28":{"start":{"line":147,"column":47},"end":{"line":147,"column":54}},"29":{"start":{"line":148,"column":4},"end":{"line":148,"column":16}},"30":{"start":{"line":169,"column":4},"end":{"line":171,"column":5}},"31":{"start":{"line":170,"column":6},"end":{"line":170,"column":75}},"32":{"start":{"line":173,"column":32},"end":{"line":177,"column":6}},"33":{"start":{"line":178,"column":27},"end":{"line":178,"column":52}},"34":{"start":{"line":180,"column":21},"end":{"line":187,"column":54}},"35":{"start":{"line":188,"column":19},"end":{"line":188,"column":66}},"36":{"start":{"line":189,"column":17},"end":{"line":189,"column":31}},"37":{"start":{"line":191,"column":4},"end":{"line":191,"column":63}},"38":{"start":{"line":191,"column":15},"end":{"line":191,"column":63}},"39":{"start":{"line":193,"column":4},"end":{"line":193,"column":25}},"40":{"start":{"line":194,"column":4},"end":{"line":194,"column":16}},"41":{"start":{"line":200,"column":17},"end":{"line":206,"column":5}},"42":{"start":{"line":207,"column":17},"end":{"line":207,"column":31}},"43":{"start":{"line":209,"column":4},"end":{"line":209,"column":63}},"44":{"start":{"line":209,"column":15},"end":{"line":209,"column":63}},"45":{"start":{"line":219,"column":4},"end":{"line":219,"column":30}},"46":{"start":{"line":220,"column":26},"end":{"line":225,"column":5}},"47":{"start":{"line":226,"column":4},"end":{"line":227,"column":60}},"48":{"start":{"line":227,"column":6},"end":{"line":227,"column":60}},"49":{"start":{"line":229,"column":20},"end":{"line":234,"column":5}},"50":{"start":{"line":235,"column":4},"end":{"line":236,"column":53}},"51":{"start":{"line":236,"column":6},"end":{"line":236,"column":53}},"52":{"start":{"line":238,"column":27},"end":{"line":242,"column":5}},"53":{"start":{"line":244,"column":4},"end":{"line":245,"column":57}},"54":{"start":{"line":245,"column":6},"end":{"line":245,"column":57}},"55":{"start":{"line":247,"column":19},"end":{"line":252,"column":5}},"56":{"start":{"line":253,"column":24},"end":{"line":253,"column":38}},"57":{"start":{"line":255,"column":4},"end":{"line":255,"column":29}},"58":{"start":{"line":256,"column":4},"end":{"line":256,"column":23}},"59":{"start":{"line":260,"column":0},"end":{"line":260,"column":22}}},"fnMap":{"0":{"name":"(anonymous_0)","decl":{"start":{"line":24,"column":2},"end":{"line":24,"column":3}},"loc":{"start":{"line":24,"column":48},"end":{"line":50,"column":3}},"line":24},"1":{"name":"(anonymous_1)","decl":{"start":{"line":59,"column":2},"end":{"line":59,"column":3}},"loc":{"start":{"line":66,"column":5},"end":{"line":96,"column":3}},"line":66},"2":{"name":"(anonymous_2)","decl":{"start":{"line":103,"column":2},"end":{"line":103,"column":3}},"loc":{"start":{"line":103,"column":25},"end":{"line":115,"column":3}},"line":103},"3":{"name":"(anonymous_3)","decl":{"start":{"line":125,"column":2},"end":{"line":125,"column":3}},"loc":{"start":{"line":125,"column":29},"end":{"line":149,"column":3}},"line":125},"4":{"name":"(anonymous_4)","decl":{"start":{"line":147,"column":42},"end":{"line":147,"column":43}},"loc":{"start":{"line":147,"column":47},"end":{"line":147,"column":54}},"line":147},"5":{"name":"(anonymous_5)","decl":{"start":{"line":168,"column":2},"end":{"line":168,"column":3}},"loc":{"start":{"line":168,"column":38},"end":{"line":195,"column":3}},"line":168},"6":{"name":"(anonymous_6)","decl":{"start":{"line":199,"column":2},"end":{"line":199,"column":3}},"loc":{"start":{"line":199,"column":32},"end":{"line":210,"column":3}},"line":199},"7":{"name":"(anonymous_7)","decl":{"start":{"line":218,"column":2},"end":{"line":218,"column":3}},"loc":{"start":{"line":218,"column":44},"end":{"line":257,"column":3}},"line":218}},"branchMap":{"0":{"loc":{"start":{"line":40,"column":4},"end":{"line":47,"column":5}},"type":"if","locations":[{"start":{"line":40,"column":4},"end":{"line":47,"column":5}},{"start":{},"end":{}}],"line":40},"1":{"loc":{"start":{"line":43,"column":6},"end":{"line":46,"column":7}},"type":"if","locations":[{"start":{"line":43,"column":6},"end":{"line":46,"column":7}},{"start":{},"end":{}}],"line":43},"2":{"loc":{"start":{"line":74,"column":4},"end":{"line":76,"column":5}},"type":"if","locations":[{"start":{"line":74,"column":4},"end":{"line":76,"column":5}},{"start":{},"end":{}}],"line":74},"3":{"loc":{"start":{"line":139,"column":4},"end":{"line":139,"column":63}},"type":"if","locations":[{"start":{"line":139,"column":4},"end":{"line":139,"column":63}},{"start":{},"end":{}}],"line":139},"4":{"loc":{"start":{"line":169,"column":4},"end":{"line":171,"column":5}},"type":"if","locations":[{"start":{"line":169,"column":4},"end":{"line":171,"column":5}},{"start":{},"end":{}}],"line":169},"5":{"loc":{"start":{"line":191,"column":4},"end":{"line":191,"column":63}},"type":"if","locations":[{"start":{"line":191,"column":4},"end":{"line":191,"column":63}},{"start":{},"end":{}}],"line":191},"6":{"loc":{"start":{"line":209,"column":4},"end":{"line":209,"column":63}},"type":"if","locations":[{"start":{"line":209,"column":4},"end":{"line":209,"column":63}},{"start":{},"end":{}}],"line":209},"7":{"loc":{"start":{"line":226,"column":4},"end":{"line":227,"column":60}},"type":"if","locations":[{"start":{"line":226,"column":4},"end":{"line":227,"column":60}},{"start":{},"end":{}}],"line":226},"8":{"loc":{"start":{"line":235,"column":4},"end":{"line":236,"column":53}},"type":"if","locations":[{"start":{"line":235,"column":4},"end":{"line":236,"column":53}},{"start":{},"end":{}}],"line":235},"9":{"loc":{"start":{"line":244,"column":4},"end":{"line":245,"column":57}},"type":"if","locations":[{"start":{"line":244,"column":4},"end":{"line":245,"column":57}},{"start":{},"end":{}}],"line":244}},"s":{"0":6,"1":6,"2":6,"3":6,"4":6,"5":8,"6":8,"7":8,"8":5,"9":5,"10":4,"11":4,"12":4,"13":19,"14":19,"15":1,"16":18,"17":18,"18":18,"19":18,"20":3,"21":2,"22":6,"23":6,"24":6,"25":2,"26":4,"27":4,"28":2,"29":4,"30":9,"31":3,"32":9,"33":8,"34":8,"35":8,"36":8,"37":8,"38":2,"39":6,"40":6,"41":5,"42":5,"43":5,"44":2,"45":12,"46":12,"47":12,"48":2,"49":10,"50":10,"51":2,"52":8,"53":8,"54":1,"55":7,"56":7,"57":7,"58":7,"59":6},"f":{"0":8,"1":19,"2":3,"3":6,"4":2,"5":9,"6":5,"7":12},"b":{"0":[5,3],"1":[4,1],"2":[1,18],"3":[2,4],"4":[3,6],"5":[2,6],"6":[2,3],"7":[2,10],"8":[2,8],"9":[1,7]},"_coverageSchema":"1a1c01bbd47fc00a2c39e90264f33305004495a9","hash":"bbcd28cc17d9a20cc6a6733ce415f49bc23ba7fc"}
,"/home/dennis/code_work/express-jobly/routes/_testCommon.js": {"path":"/home/dennis/code_work/express-jobly/routes/_testCommon.js","statementMap":{"0":{"start":{"line":3,"column":11},"end":{"line":3,"column":30}},"1":{"start":{"line":4,"column":13},"end":{"line":4,"column":38}},"2":{"start":{"line":5,"column":16},"end":{"line":5,"column":44}},"3":{"start":{"line":6,"column":24},"end":{"line":6,"column":52}},"4":{"start":{"line":10,"column":2},"end":{"line":10,"column":38}},"5":{"start":{"line":12,"column":2},"end":{"line":12,"column":42}},"6":{"start":{"line":14,"column":2},"end":{"line":14,"column":37}},"7":{"start":{"line":16,"column":2},"end":{"line":22,"column":5}},"8":{"start":{"line":23,"column":2},"end":{"line":29,"column":5}},"9":{"start":{"line":30,"column":2},"end":{"line":36,"column":5}},"10":{"start":{"line":38,"column":2},"end":{"line":45,"column":5}},"11":{"start":{"line":46,"column":2},"end":{"line":53,"column":5}},"12":{"start":{"line":54,"column":2},"end":{"line":61,"column":5}},"13":{"start":{"line":62,"column":2},"end":{"line":66,"column":34}},"14":{"start":{"line":71,"column":2},"end":{"line":71,"column":26}},"15":{"start":{"line":75,"column":2},"end":{"line":75,"column":29}},"16":{"start":{"line":79,"column":2},"end":{"line":79,"column":17}},"17":{"start":{"line":82,"column":16},"end":{"line":82,"column":63}},"18":{"start":{"line":83,"column":16},"end":{"line":83,"column":62}},"19":{"start":{"line":85,"column":0},"end":{"line":92,"column":2}}},"fnMap":{"0":{"name":"commonBeforeAll","decl":{"start":{"line":8,"column":15},"end":{"line":8,"column":30}},"loc":{"start":{"line":8,"column":33},"end":{"line":67,"column":1}},"line":8},"1":{"name":"commonBeforeEach","decl":{"start":{"line":70,"column":15},"end":{"line":70,"column":31}},"loc":{"start":{"line":70,"column":34},"end":{"line":72,"column":1}},"line":70},"2":{"name":"commonAfterEach","decl":{"start":{"line":74,"column":15},"end":{"line":74,"column":30}},"loc":{"start":{"line":74,"column":33},"end":{"line":76,"column":1}},"line":74},"3":{"name":"commonAfterAll","decl":{"start":{"line":78,"column":15},"end":{"line":78,"column":29}},"loc":{"start":{"line":78,"column":32},"end":{"line":80,"column":1}},"line":78}},"branchMap":{},"s":{"0":4,"1":4,"2":4,"3":4,"4":4,"5":4,"6":4,"7":4,"8":4,"9":4,"10":4,"11":4,"12":4,"13":4,"14":88,"15":88,"16":4,"17":4,"18":4,"19":4},"f":{"0":4,"1":88,"2":88,"3":4},"b":{},"_coverageSchema":"1a1c01bbd47fc00a2c39e90264f33305004495a9","hash":"99f6c76acb97e33bf84c2e0912cbfd8e61e601df"}
,"/home/dennis/code_work/express-jobly/routes/auth.js": {"path":"/home/dennis/code_work/express-jobly/routes/auth.js","statementMap":{"0":{"start":{"line":5,"column":19},"end":{"line":5,"column":40}},"1":{"start":{"line":7,"column":13},"end":{"line":7,"column":38}},"2":{"start":{"line":8,"column":16},"end":{"line":8,"column":34}},"3":{"start":{"line":9,"column":15},"end":{"line":9,"column":35}},"4":{"start":{"line":10,"column":24},"end":{"line":10,"column":52}},"5":{"start":{"line":11,"column":23},"end":{"line":11,"column":58}},"6":{"start":{"line":12,"column":27},"end":{"line":12,"column":66}},"7":{"start":{"line":13,"column":28},"end":{"line":13,"column":54}},"8":{"start":{"line":22,"column":0},"end":{"line":37,"column":3}},"9":{"start":{"line":23,"column":2},"end":{"line":36,"column":3}},"10":{"start":{"line":24,"column":22},"end":{"line":24,"column":67}},"11":{"start":{"line":25,"column":4},"end":{"line":28,"column":5}},"12":{"start":{"line":26,"column":19},"end":{"line":26,"column":53}},"13":{"start":{"line":26,"column":45},"end":{"line":26,"column":52}},"14":{"start":{"line":27,"column":6},"end":{"line":27,"column":38}},"15":{"start":{"line":30,"column":35},"end":{"line":30,"column":43}},"16":{"start":{"line":31,"column":17},"end":{"line":31,"column":60}},"17":{"start":{"line":32,"column":18},"end":{"line":32,"column":35}},"18":{"start":{"line":33,"column":4},"end":{"line":33,"column":31}},"19":{"start":{"line":35,"column":4},"end":{"line":35,"column":21}},"20":{"start":{"line":49,"column":0},"end":{"line":63,"column":3}},"21":{"start":{"line":50,"column":2},"end":{"line":62,"column":3}},"22":{"start":{"line":51,"column":22},"end":{"line":51,"column":71}},"23":{"start":{"line":52,"column":4},"end":{"line":55,"column":5}},"24":{"start":{"line":53,"column":19},"end":{"line":53,"column":53}},"25":{"start":{"line":53,"column":45},"end":{"line":53,"column":52}},"26":{"start":{"line":54,"column":6},"end":{"line":54,"column":38}},"27":{"start":{"line":57,"column":20},"end":{"line":57,"column":72}},"28":{"start":{"line":58,"column":18},"end":{"line":58,"column":38}},"29":{"start":{"line":59,"column":4},"end":{"line":59,"column":43}},"30":{"start":{"line":61,"column":4},"end":{"line":61,"column":21}},"31":{"start":{"line":66,"column":0},"end":{"line":66,"column":24}}},"fnMap":{"0":{"name":"(anonymous_0)","decl":{"start":{"line":22,"column":22},"end":{"line":22,"column":23}},"loc":{"start":{"line":22,"column":54},"end":{"line":37,"column":1}},"line":22},"1":{"name":"(anonymous_1)","decl":{"start":{"line":26,"column":40},"end":{"line":26,"column":41}},"loc":{"start":{"line":26,"column":45},"end":{"line":26,"column":52}},"line":26},"2":{"name":"(anonymous_2)","decl":{"start":{"line":49,"column":25},"end":{"line":49,"column":26}},"loc":{"start":{"line":49,"column":57},"end":{"line":63,"column":1}},"line":49},"3":{"name":"(anonymous_3)","decl":{"start":{"line":53,"column":40},"end":{"line":53,"column":41}},"loc":{"start":{"line":53,"column":45},"end":{"line":53,"column":52}},"line":53}},"branchMap":{"0":{"loc":{"start":{"line":25,"column":4},"end":{"line":28,"column":5}},"type":"if","locations":[{"start":{"line":25,"column":4},"end":{"line":28,"column":5}},{"start":{},"end":{}}],"line":25},"1":{"loc":{"start":{"line":52,"column":4},"end":{"line":55,"column":5}},"type":"if","locations":[{"start":{"line":52,"column":4},"end":{"line":55,"column":5}},{"start":{},"end":{}}],"line":52}},"s":{"0":5,"1":5,"2":5,"3":5,"4":5,"5":5,"6":5,"7":5,"8":5,"9":5,"10":5,"11":5,"12":2,"13":2,"14":2,"15":3,"16":3,"17":1,"18":1,"19":4,"20":5,"21":3,"22":3,"23":3,"24":2,"25":5,"26":2,"27":1,"28":1,"29":1,"30":2,"31":5},"f":{"0":5,"1":2,"2":3,"3":5},"b":{"0":[2,3],"1":[2,1]},"_coverageSchema":"1a1c01bbd47fc00a2c39e90264f33305004495a9","hash":"2f2c80aa673819319da12ce133b657a74623f001"}
,"/home/dennis/code_work/express-jobly/routes/companies.js": {"path":"/home/dennis/code_work/express-jobly/routes/companies.js","statementMap":{"0":{"start":{"line":5,"column":19},"end":{"line":5,"column":40}},"1":{"start":{"line":6,"column":16},"end":{"line":6,"column":34}},"2":{"start":{"line":8,"column":28},"end":{"line":8,"column":54}},"3":{"start":{"line":9,"column":42},"end":{"line":9,"column":71}},"4":{"start":{"line":10,"column":16},"end":{"line":10,"column":44}},"5":{"start":{"line":12,"column":25},"end":{"line":12,"column":62}},"6":{"start":{"line":13,"column":28},"end":{"line":13,"column":68}},"7":{"start":{"line":14,"column":21},"end":{"line":14,"column":39}},"8":{"start":{"line":16,"column":15},"end":{"line":16,"column":35}},"9":{"start":{"line":27,"column":0},"end":{"line":40,"column":3}},"10":{"start":{"line":28,"column":2},"end":{"line":39,"column":3}},"11":{"start":{"line":29,"column":22},"end":{"line":29,"column":69}},"12":{"start":{"line":30,"column":4},"end":{"line":33,"column":5}},"13":{"start":{"line":31,"column":19},"end":{"line":31,"column":55}},"14":{"start":{"line":31,"column":47},"end":{"line":31,"column":54}},"15":{"start":{"line":32,"column":6},"end":{"line":32,"column":38}},"16":{"start":{"line":35,"column":20},"end":{"line":35,"column":50}},"17":{"start":{"line":36,"column":4},"end":{"line":36,"column":45}},"18":{"start":{"line":38,"column":4},"end":{"line":38,"column":21}},"19":{"start":{"line":53,"column":0},"end":{"line":101,"column":3}},"20":{"start":{"line":54,"column":2},"end":{"line":100,"column":3}},"21":{"start":{"line":55,"column":4},"end":{"line":97,"column":5}},"22":{"start":{"line":56,"column":24},"end":{"line":56,"column":47}},"23":{"start":{"line":57,"column":6},"end":{"line":57,"column":37}},"24":{"start":{"line":59,"column":25},"end":{"line":59,"column":27}},"25":{"start":{"line":61,"column":6},"end":{"line":68,"column":7}},"26":{"start":{"line":62,"column":27},"end":{"line":62,"column":57}},"27":{"start":{"line":63,"column":8},"end":{"line":67,"column":9}},"28":{"start":{"line":64,"column":10},"end":{"line":64,"column":76}},"29":{"start":{"line":66,"column":10},"end":{"line":66,"column":51}},"30":{"start":{"line":70,"column":6},"end":{"line":77,"column":7}},"31":{"start":{"line":71,"column":27},"end":{"line":71,"column":57}},"32":{"start":{"line":72,"column":8},"end":{"line":76,"column":9}},"33":{"start":{"line":73,"column":10},"end":{"line":73,"column":76}},"34":{"start":{"line":75,"column":10},"end":{"line":75,"column":51}},"35":{"start":{"line":79,"column":6},"end":{"line":89,"column":7}},"36":{"start":{"line":84,"column":8},"end":{"line":88,"column":10}},"37":{"start":{"line":91,"column":6},"end":{"line":93,"column":7}},"38":{"start":{"line":92,"column":8},"end":{"line":92,"column":43}},"39":{"start":{"line":95,"column":24},"end":{"line":95,"column":64}},"40":{"start":{"line":96,"column":6},"end":{"line":96,"column":35}},"41":{"start":{"line":99,"column":4},"end":{"line":99,"column":21}},"42":{"start":{"line":111,"column":0},"end":{"line":118,"column":3}},"43":{"start":{"line":112,"column":2},"end":{"line":117,"column":3}},"44":{"start":{"line":113,"column":20},"end":{"line":113,"column":56}},"45":{"start":{"line":114,"column":4},"end":{"line":114,"column":33}},"46":{"start":{"line":116,"column":4},"end":{"line":116,"column":21}},"47":{"start":{"line":131,"column":0},"end":{"line":144,"column":3}},"48":{"start":{"line":132,"column":2},"end":{"line":143,"column":3}},"49":{"start":{"line":133,"column":22},"end":{"line":133,"column":72}},"50":{"start":{"line":134,"column":4},"end":{"line":137,"column":5}},"51":{"start":{"line":135,"column":19},"end":{"line":135,"column":55}},"52":{"start":{"line":135,"column":47},"end":{"line":135,"column":54}},"53":{"start":{"line":136,"column":6},"end":{"line":136,"column":38}},"54":{"start":{"line":139,"column":20},"end":{"line":139,"column":69}},"55":{"start":{"line":140,"column":4},"end":{"line":140,"column":33}},"56":{"start":{"line":142,"column":4},"end":{"line":142,"column":21}},"57":{"start":{"line":151,"column":0},"end":{"line":158,"column":3}},"58":{"start":{"line":152,"column":2},"end":{"line":157,"column":3}},"59":{"start":{"line":153,"column":4},"end":{"line":153,"column":44}},"60":{"start":{"line":154,"column":4},"end":{"line":154,"column":52}},"61":{"start":{"line":156,"column":4},"end":{"line":156,"column":21}},"62":{"start":{"line":160,"column":0},"end":{"line":160,"column":24}}},"fnMap":{"0":{"name":"(anonymous_0)","decl":{"start":{"line":27,"column":48},"end":{"line":27,"column":49}},"loc":{"start":{"line":27,"column":80},"end":{"line":40,"column":1}},"line":27},"1":{"name":"(anonymous_1)","decl":{"start":{"line":31,"column":40},"end":{"line":31,"column":41}},"loc":{"start":{"line":31,"column":47},"end":{"line":31,"column":54}},"line":31},"2":{"name":"(anonymous_2)","decl":{"start":{"line":53,"column":16},"end":{"line":53,"column":17}},"loc":{"start":{"line":53,"column":48},"end":{"line":101,"column":1}},"line":53},"3":{"name":"(anonymous_3)","decl":{"start":{"line":111,"column":23},"end":{"line":111,"column":24}},"loc":{"start":{"line":111,"column":55},"end":{"line":118,"column":1}},"line":111},"4":{"name":"(anonymous_4)","decl":{"start":{"line":131,"column":55},"end":{"line":131,"column":56}},"loc":{"start":{"line":131,"column":87},"end":{"line":144,"column":1}},"line":131},"5":{"name":"(anonymous_5)","decl":{"start":{"line":135,"column":40},"end":{"line":135,"column":41}},"loc":{"start":{"line":135,"column":47},"end":{"line":135,"column":54}},"line":135},"6":{"name":"(anonymous_6)","decl":{"start":{"line":151,"column":56},"end":{"line":151,"column":57}},"loc":{"start":{"line":151,"column":88},"end":{"line":158,"column":1}},"line":151}},"branchMap":{"0":{"loc":{"start":{"line":30,"column":4},"end":{"line":33,"column":5}},"type":"if","locations":[{"start":{"line":30,"column":4},"end":{"line":33,"column":5}},{"start":{},"end":{}}],"line":30},"1":{"loc":{"start":{"line":55,"column":4},"end":{"line":97,"column":5}},"type":"if","locations":[{"start":{"line":55,"column":4},"end":{"line":97,"column":5}},{"start":{"line":58,"column":11},"end":{"line":97,"column":5}}],"line":55},"2":{"loc":{"start":{"line":61,"column":6},"end":{"line":68,"column":7}},"type":"if","locations":[{"start":{"line":61,"column":6},"end":{"line":68,"column":7}},{"start":{},"end":{}}],"line":61},"3":{"loc":{"start":{"line":63,"column":8},"end":{"line":67,"column":9}},"type":"if","locations":[{"start":{"line":63,"column":8},"end":{"line":67,"column":9}},{"start":{"line":65,"column":15},"end":{"line":67,"column":9}}],"line":63},"4":{"loc":{"start":{"line":70,"column":6},"end":{"line":77,"column":7}},"type":"if","locations":[{"start":{"line":70,"column":6},"end":{"line":77,"column":7}},{"start":{},"end":{}}],"line":70},"5":{"loc":{"start":{"line":72,"column":8},"end":{"line":76,"column":9}},"type":"if","locations":[{"start":{"line":72,"column":8},"end":{"line":76,"column":9}},{"start":{"line":74,"column":15},"end":{"line":76,"column":9}}],"line":72},"6":{"loc":{"start":{"line":79,"column":6},"end":{"line":89,"column":7}},"type":"if","locations":[{"start":{"line":79,"column":6},"end":{"line":89,"column":7}},{"start":{},"end":{}}],"line":79},"7":{"loc":{"start":{"line":80,"column":8},"end":{"line":82,"column":77}},"type":"binary-expr","locations":[{"start":{"line":80,"column":8},"end":{"line":80,"column":33}},{"start":{"line":81,"column":8},"end":{"line":81,"column":33}},{"start":{"line":82,"column":8},"end":{"line":82,"column":77}}],"line":80},"8":{"loc":{"start":{"line":91,"column":6},"end":{"line":93,"column":7}},"type":"if","locations":[{"start":{"line":91,"column":6},"end":{"line":93,"column":7}},{"start":{},"end":{}}],"line":91},"9":{"loc":{"start":{"line":134,"column":4},"end":{"line":137,"column":5}},"type":"if","locations":[{"start":{"line":134,"column":4},"end":{"line":137,"column":5}},{"start":{},"end":{}}],"line":134}},"s":{"0":5,"1":5,"2":5,"3":5,"4":5,"5":5,"6":5,"7":5,"8":5,"9":5,"10":3,"11":3,"12":3,"13":2,"14":3,"15":2,"16":1,"17":1,"18":2,"19":5,"20":6,"21":6,"22":2,"23":1,"24":4,"25":4,"26":4,"27":4,"28":1,"29":3,"30":3,"31":3,"32":3,"33":1,"34":2,"35":2,"36":1,"37":1,"38":1,"39":1,"40":1,"41":1,"42":5,"43":3,"44":3,"45":2,"46":1,"47":5,"48":4,"49":4,"50":4,"51":2,"52":2,"53":2,"54":2,"55":1,"56":3,"57":5,"58":2,"59":2,"60":1,"61":1,"62":5},"f":{"0":3,"1":3,"2":6,"3":3,"4":4,"5":2,"6":2},"b":{"0":[2,1],"1":[2,4],"2":[4,0],"3":[1,3],"4":[3,0],"5":[1,2],"6":[1,1],"7":[2,2,2],"8":[1,0],"9":[2,2]},"_coverageSchema":"1a1c01bbd47fc00a2c39e90264f33305004495a9","hash":"a9e39b0025923a8aa2e8d6280106cb89ee5152de"}
,"/home/dennis/code_work/express-jobly/routes/jobs.js": {"path":"/home/dennis/code_work/express-jobly/routes/jobs.js","statementMap":{"0":{"start":{"line":3,"column":19},"end":{"line":3,"column":40}},"1":{"start":{"line":4,"column":16},"end":{"line":4,"column":34}},"2":{"start":{"line":6,"column":28},"end":{"line":6,"column":54}},"3":{"start":{"line":7,"column":42},"end":{"line":7,"column":71}},"4":{"start":{"line":8,"column":12},"end":{"line":8,"column":36}},"5":{"start":{"line":10,"column":21},"end":{"line":10,"column":54}},"6":{"start":{"line":11,"column":24},"end":{"line":11,"column":60}},"7":{"start":{"line":12,"column":21},"end":{"line":12,"column":39}},"8":{"start":{"line":14,"column":15},"end":{"line":14,"column":35}},"9":{"start":{"line":25,"column":0},"end":{"line":43,"column":2}},"10":{"start":{"line":30,"column":4},"end":{"line":41,"column":5}},"11":{"start":{"line":31,"column":24},"end":{"line":31,"column":67}},"12":{"start":{"line":32,"column":6},"end":{"line":35,"column":7}},"13":{"start":{"line":33,"column":21},"end":{"line":33,"column":57}},"14":{"start":{"line":33,"column":49},"end":{"line":33,"column":56}},"15":{"start":{"line":34,"column":8},"end":{"line":34,"column":40}},"16":{"start":{"line":37,"column":18},"end":{"line":37,"column":44}},"17":{"start":{"line":38,"column":6},"end":{"line":38,"column":43}},"18":{"start":{"line":40,"column":6},"end":{"line":40,"column":23}},"19":{"start":{"line":56,"column":0},"end":{"line":89,"column":3}},"20":{"start":{"line":57,"column":2},"end":{"line":88,"column":3}},"21":{"start":{"line":58,"column":4},"end":{"line":85,"column":5}},"22":{"start":{"line":59,"column":19},"end":{"line":59,"column":38}},"23":{"start":{"line":60,"column":6},"end":{"line":60,"column":32}},"24":{"start":{"line":62,"column":25},"end":{"line":62,"column":27}},"25":{"start":{"line":64,"column":6},"end":{"line":71,"column":7}},"26":{"start":{"line":65,"column":24},"end":{"line":65,"column":51}},"27":{"start":{"line":66,"column":8},"end":{"line":70,"column":9}},"28":{"start":{"line":67,"column":10},"end":{"line":67,"column":73}},"29":{"start":{"line":69,"column":10},"end":{"line":69,"column":45}},"30":{"start":{"line":73,"column":6},"end":{"line":77,"column":7}},"31":{"start":{"line":74,"column":8},"end":{"line":76,"column":9}},"32":{"start":{"line":75,"column":10},"end":{"line":75,"column":40}},"33":{"start":{"line":79,"column":6},"end":{"line":81,"column":7}},"34":{"start":{"line":80,"column":8},"end":{"line":80,"column":45}},"35":{"start":{"line":83,"column":19},"end":{"line":83,"column":55}},"36":{"start":{"line":84,"column":6},"end":{"line":84,"column":32}},"37":{"start":{"line":87,"column":4},"end":{"line":87,"column":21}},"38":{"start":{"line":98,"column":0},"end":{"line":105,"column":3}},"39":{"start":{"line":99,"column":2},"end":{"line":104,"column":3}},"40":{"start":{"line":100,"column":16},"end":{"line":100,"column":44}},"41":{"start":{"line":101,"column":4},"end":{"line":101,"column":29}},"42":{"start":{"line":103,"column":4},"end":{"line":103,"column":21}},"43":{"start":{"line":118,"column":0},"end":{"line":136,"column":2}},"44":{"start":{"line":123,"column":4},"end":{"line":134,"column":5}},"45":{"start":{"line":124,"column":24},"end":{"line":124,"column":70}},"46":{"start":{"line":125,"column":6},"end":{"line":128,"column":7}},"47":{"start":{"line":126,"column":21},"end":{"line":126,"column":57}},"48":{"start":{"line":126,"column":49},"end":{"line":126,"column":56}},"49":{"start":{"line":127,"column":8},"end":{"line":127,"column":40}},"50":{"start":{"line":130,"column":18},"end":{"line":130,"column":59}},"51":{"start":{"line":131,"column":6},"end":{"line":131,"column":31}},"52":{"start":{"line":133,"column":6},"end":{"line":133,"column":23}},"53":{"start":{"line":143,"column":0},"end":{"line":155,"column":2}},"54":{"start":{"line":148,"column":4},"end":{"line":153,"column":5}},"55":{"start":{"line":149,"column":6},"end":{"line":149,"column":38}},"56":{"start":{"line":150,"column":6},"end":{"line":150,"column":50}},"57":{"start":{"line":152,"column":6},"end":{"line":152,"column":23}},"58":{"start":{"line":157,"column":0},"end":{"line":157,"column":24}}},"fnMap":{"0":{"name":"(anonymous_0)","decl":{"start":{"line":29,"column":2},"end":{"line":29,"column":3}},"loc":{"start":{"line":29,"column":34},"end":{"line":42,"column":3}},"line":29},"1":{"name":"(anonymous_1)","decl":{"start":{"line":33,"column":42},"end":{"line":33,"column":43}},"loc":{"start":{"line":33,"column":49},"end":{"line":33,"column":56}},"line":33},"2":{"name":"(anonymous_2)","decl":{"start":{"line":56,"column":16},"end":{"line":56,"column":17}},"loc":{"start":{"line":56,"column":48},"end":{"line":89,"column":1}},"line":56},"3":{"name":"(anonymous_3)","decl":{"start":{"line":98,"column":19},"end":{"line":98,"column":20}},"loc":{"start":{"line":98,"column":51},"end":{"line":105,"column":1}},"line":98},"4":{"name":"(anonymous_4)","decl":{"start":{"line":122,"column":2},"end":{"line":122,"column":3}},"loc":{"start":{"line":122,"column":34},"end":{"line":135,"column":3}},"line":122},"5":{"name":"(anonymous_5)","decl":{"start":{"line":126,"column":42},"end":{"line":126,"column":43}},"loc":{"start":{"line":126,"column":49},"end":{"line":126,"column":56}},"line":126},"6":{"name":"(anonymous_6)","decl":{"start":{"line":147,"column":2},"end":{"line":147,"column":3}},"loc":{"start":{"line":147,"column":34},"end":{"line":154,"column":3}},"line":147}},"branchMap":{"0":{"loc":{"start":{"line":32,"column":6},"end":{"line":35,"column":7}},"type":"if","locations":[{"start":{"line":32,"column":6},"end":{"line":35,"column":7}},{"start":{},"end":{}}],"line":32},"1":{"loc":{"start":{"line":58,"column":4},"end":{"line":85,"column":5}},"type":"if","locations":[{"start":{"line":58,"column":4},"end":{"line":85,"column":5}},{"start":{"line":61,"column":11},"end":{"line":85,"column":5}}],"line":58},"2":{"loc":{"start":{"line":64,"column":6},"end":{"line":71,"column":7}},"type":"if","locations":[{"start":{"line":64,"column":6},"end":{"line":71,"column":7}},{"start":{},"end":{}}],"line":64},"3":{"loc":{"start":{"line":66,"column":8},"end":{"line":70,"column":9}},"type":"if","locations":[{"start":{"line":66,"column":8},"end":{"line":70,"column":9}},{"start":{"line":68,"column":15},"end":{"line":70,"column":9}}],"line":66},"4":{"loc":{"start":{"line":73,"column":6},"end":{"line":77,"column":7}},"type":"if","locations":[{"start":{"line":73,"column":6},"end":{"line":77,"column":7}},{"start":{},"end":{}}],"line":73},"5":{"loc":{"start":{"line":74,"column":8},"end":{"line":76,"column":9}},"type":"if","locations":[{"start":{"line":74,"column":8},"end":{"line":76,"column":9}},{"start":{},"end":{}}],"line":74},"6":{"loc":{"start":{"line":79,"column":6},"end":{"line":81,"column":7}},"type":"if","locations":[{"start":{"line":79,"column":6},"end":{"line":81,"column":7}},{"start":{},"end":{}}],"line":79},"7":{"loc":{"start":{"line":125,"column":6},"end":{"line":128,"column":7}},"type":"if","locations":[{"start":{"line":125,"column":6},"end":{"line":128,"column":7}},{"start":{},"end":{}}],"line":125}},"s":{"0":5,"1":5,"2":5,"3":5,"4":5,"5":5,"6":5,"7":5,"8":5,"9":5,"10":3,"11":3,"12":3,"13":2,"14":2,"15":2,"16":1,"17":1,"18":2,"19":5,"20":5,"21":5,"22":2,"23":1,"24":3,"25":3,"26":3,"27":3,"28":1,"29":2,"30":2,"31":2,"32":2,"33":2,"34":1,"35":2,"36":2,"37":1,"38":5,"39":2,"40":2,"41":1,"42":1,"43":5,"44":5,"45":5,"46":5,"47":3,"48":3,"49":3,"50":2,"51":1,"52":4,"53":5,"54":2,"55":2,"56":1,"57":1,"58":5},"f":{"0":3,"1":2,"2":5,"3":2,"4":5,"5":3,"6":2},"b":{"0":[2,1],"1":[2,3],"2":[3,0],"3":[1,2],"4":[2,0],"5":[2,0],"6":[1,1],"7":[3,2]},"_coverageSchema":"1a1c01bbd47fc00a2c39e90264f33305004495a9","hash":"39b6918ff2b68c2fd86721c363d0e2cd1bf75425"}
,"/home/dennis/code_work/express-jobly/routes/users.js": {"path":"/home/dennis/code_work/express-jobly/routes/users.js","statementMap":{"0":{"start":{"line":5,"column":19},"end":{"line":5,"column":40}},"1":{"start":{"line":7,"column":16},"end":{"line":7,"column":34}},"2":{"start":{"line":8,"column":58},"end":{"line":8,"column":87}},"3":{"start":{"line":9,"column":28},"end":{"line":9,"column":54}},"4":{"start":{"line":10,"column":13},"end":{"line":10,"column":38}},"5":{"start":{"line":11,"column":24},"end":{"line":11,"column":52}},"6":{"start":{"line":12,"column":22},"end":{"line":12,"column":56}},"7":{"start":{"line":13,"column":25},"end":{"line":13,"column":62}},"8":{"start":{"line":15,"column":15},"end":{"line":15,"column":31}},"9":{"start":{"line":30,"column":0},"end":{"line":44,"column":3}},"10":{"start":{"line":31,"column":2},"end":{"line":43,"column":3}},"11":{"start":{"line":32,"column":22},"end":{"line":32,"column":66}},"12":{"start":{"line":33,"column":4},"end":{"line":36,"column":5}},"13":{"start":{"line":34,"column":19},"end":{"line":34,"column":53}},"14":{"start":{"line":34,"column":45},"end":{"line":34,"column":52}},"15":{"start":{"line":35,"column":6},"end":{"line":35,"column":38}},"16":{"start":{"line":38,"column":17},"end":{"line":38,"column":46}},"17":{"start":{"line":39,"column":18},"end":{"line":39,"column":35}},"18":{"start":{"line":40,"column":4},"end":{"line":40,"column":49}},"19":{"start":{"line":42,"column":4},"end":{"line":42,"column":21}},"20":{"start":{"line":54,"column":0},"end":{"line":61,"column":3}},"21":{"start":{"line":55,"column":2},"end":{"line":60,"column":3}},"22":{"start":{"line":56,"column":18},"end":{"line":56,"column":38}},"23":{"start":{"line":57,"column":4},"end":{"line":57,"column":31}},"24":{"start":{"line":59,"column":4},"end":{"line":59,"column":21}},"25":{"start":{"line":72,"column":0},"end":{"line":79,"column":3}},"26":{"start":{"line":73,"column":2},"end":{"line":78,"column":3}},"27":{"start":{"line":74,"column":17},"end":{"line":74,"column":52}},"28":{"start":{"line":75,"column":4},"end":{"line":75,"column":30}},"29":{"start":{"line":77,"column":4},"end":{"line":77,"column":21}},"30":{"start":{"line":92,"column":0},"end":{"line":105,"column":3}},"31":{"start":{"line":93,"column":2},"end":{"line":104,"column":3}},"32":{"start":{"line":94,"column":22},"end":{"line":94,"column":69}},"33":{"start":{"line":95,"column":4},"end":{"line":98,"column":5}},"34":{"start":{"line":96,"column":19},"end":{"line":96,"column":53}},"35":{"start":{"line":96,"column":45},"end":{"line":96,"column":52}},"36":{"start":{"line":97,"column":6},"end":{"line":97,"column":38}},"37":{"start":{"line":100,"column":17},"end":{"line":100,"column":65}},"38":{"start":{"line":101,"column":4},"end":{"line":101,"column":30}},"39":{"start":{"line":103,"column":4},"end":{"line":103,"column":21}},"40":{"start":{"line":113,"column":0},"end":{"line":120,"column":3}},"41":{"start":{"line":114,"column":2},"end":{"line":119,"column":3}},"42":{"start":{"line":115,"column":4},"end":{"line":115,"column":43}},"43":{"start":{"line":116,"column":4},"end":{"line":116,"column":54}},"44":{"start":{"line":118,"column":4},"end":{"line":118,"column":21}},"45":{"start":{"line":128,"column":0},"end":{"line":136,"column":3}},"46":{"start":{"line":129,"column":2},"end":{"line":135,"column":3}},"47":{"start":{"line":131,"column":16},"end":{"line":131,"column":76}},"48":{"start":{"line":132,"column":4},"end":{"line":132,"column":60}},"49":{"start":{"line":134,"column":4},"end":{"line":134,"column":21}},"50":{"start":{"line":138,"column":0},"end":{"line":138,"column":24}}},"fnMap":{"0":{"name":"(anonymous_0)","decl":{"start":{"line":30,"column":47},"end":{"line":30,"column":48}},"loc":{"start":{"line":30,"column":79},"end":{"line":44,"column":1}},"line":30},"1":{"name":"(anonymous_1)","decl":{"start":{"line":34,"column":40},"end":{"line":34,"column":41}},"loc":{"start":{"line":34,"column":45},"end":{"line":34,"column":52}},"line":34},"2":{"name":"(anonymous_2)","decl":{"start":{"line":54,"column":46},"end":{"line":54,"column":47}},"loc":{"start":{"line":54,"column":78},"end":{"line":61,"column":1}},"line":54},"3":{"name":"(anonymous_3)","decl":{"start":{"line":72,"column":72},"end":{"line":72,"column":73}},"loc":{"start":{"line":72,"column":104},"end":{"line":79,"column":1}},"line":72},"4":{"name":"(anonymous_4)","decl":{"start":{"line":92,"column":74},"end":{"line":92,"column":75}},"loc":{"start":{"line":92,"column":106},"end":{"line":105,"column":1}},"line":92},"5":{"name":"(anonymous_5)","decl":{"start":{"line":96,"column":40},"end":{"line":96,"column":41}},"loc":{"start":{"line":96,"column":45},"end":{"line":96,"column":52}},"line":96},"6":{"name":"(anonymous_6)","decl":{"start":{"line":113,"column":74},"end":{"line":113,"column":75}},"loc":{"start":{"line":113,"column":106},"end":{"line":120,"column":1}},"line":113},"7":{"name":"(anonymous_7)","decl":{"start":{"line":128,"column":81},"end":{"line":128,"column":82}},"loc":{"start":{"line":128,"column":113},"end":{"line":136,"column":1}},"line":128}},"branchMap":{"0":{"loc":{"start":{"line":33,"column":4},"end":{"line":36,"column":5}},"type":"if","locations":[{"start":{"line":33,"column":4},"end":{"line":36,"column":5}},{"start":{},"end":{}}],"line":33},"1":{"loc":{"start":{"line":95,"column":4},"end":{"line":98,"column":5}},"type":"if","locations":[{"start":{"line":95,"column":4},"end":{"line":98,"column":5}},{"start":{},"end":{}}],"line":95}},"s":{"0":5,"1":5,"2":5,"3":5,"4":5,"5":5,"6":5,"7":5,"8":5,"9":5,"10":4,"11":4,"12":4,"13":2,"14":5,"15":2,"16":2,"17":2,"18":2,"19":2,"20":5,"21":2,"22":2,"23":1,"24":1,"25":5,"26":3,"27":3,"28":2,"29":1,"30":5,"31":6,"32":6,"33":6,"34":1,"35":1,"36":1,"37":5,"38":4,"39":2,"40":5,"41":3,"42":3,"43":2,"44":1,"45":5,"46":5,"47":5,"48":3,"49":2,"50":5},"f":{"0":4,"1":5,"2":2,"3":3,"4":6,"5":1,"6":3,"7":5},"b":{"0":[2,2],"1":[1,5]},"_coverageSchema":"1a1c01bbd47fc00a2c39e90264f33305004495a9","hash":"7a97acfda246e905ff88fb53accacf12130d51bb"}
}
