TN:
SF:app.js
FN:31,(anonymous_0)
FN:36,(anonymous_1)
FNF:2
FNH:2
FNDA:3,(anonymous_0)
FNDA:63,(anonymous_1)
DA:5,5
DA:6,5
DA:8,5
DA:10,5
DA:11,5
DA:12,5
DA:13,5
DA:14,5
DA:16,5
DA:18,5
DA:20,5
DA:21,5
DA:22,5
DA:23,5
DA:25,5
DA:26,5
DA:27,5
DA:28,5
DA:31,5
DA:32,3
DA:36,5
DA:37,63
DA:38,63
DA:39,63
DA:41,63
DA:46,5
LF:26
LH:26
BRDA:37,0,0,1
BRDA:37,0,1,62
BRDA:38,1,0,63
BRDA:38,1,1,3
BRF:4
BRH:4
end_of_record
TN:
SF:config.js
FN:13,getDatabaseUri
FNF:1
FNH:1
FNDA:22,getDatabaseUri
DA:5,11
DA:6,11
DA:8,11
DA:10,11
DA:14,22
DA:22,11
DA:24,11
DA:25,11
DA:26,11
DA:27,11
DA:28,11
DA:29,11
DA:31,11
LF:13
LH:13
BRDA:8,0,0,11
BRDA:8,0,1,10
BRDA:10,1,0,11
BRDA:10,1,1,10
BRDA:14,2,0,19
BRDA:14,2,1,3
BRDA:16,3,0,3
BRDA:16,3,1,1
BRDA:22,4,0,10
BRDA:22,4,1,1
BRF:10
BRH:10
end_of_record
TN:
SF:db.js
FNF:0
FNH:0
DA:3,8
DA:4,8
DA:8,8
DA:9,0
DA:16,8
DA:21,8
DA:23,8
LF:7
LH:6
BRDA:8,0,0,0
BRDA:8,0,1,8
BRF:2
BRH:1
end_of_record
TN:
SF:expressError.js
FN:8,(anonymous_0)
FN:18,(anonymous_1)
FN:26,(anonymous_2)
FN:34,(anonymous_3)
FN:42,(anonymous_4)
FNF:5
FNH:4
FNDA:83,(anonymous_0)
FNDA:21,(anonymous_1)
FNDA:28,(anonymous_2)
FNDA:34,(anonymous_3)
FNDA:0,(anonymous_4)
DA:9,83
DA:10,83
DA:11,83
DA:19,21
DA:27,28
DA:35,34
DA:43,0
DA:47,10
LF:8
LH:7
BRDA:18,0,0,3
BRDA:26,1,0,12
BRDA:34,2,0,0
BRDA:42,3,0,0
BRF:4
BRH:2
end_of_record
TN:
SF:helpers/sql.js
FN:19,sqlForPartialUpdate
FN:24,(anonymous_1)
FNF:2
FNH:2
FNDA:24,sqlForPartialUpdate
FNDA:41,(anonymous_1)
DA:1,9
DA:20,24
DA:21,24
DA:24,20
DA:25,41
DA:27,20
DA:33,9
LF:7
LH:7
BRDA:21,0,0,4
BRDA:21,0,1,20
BRDA:25,1,0,41
BRDA:25,1,1,27
BRF:4
BRH:4
end_of_record
TN:
SF:helpers/tokens.js
FN:6,createToken
FNF:1
FNH:1
FNDA:15,createToken
DA:1,6
DA:2,6
DA:7,15
DA:10,15
DA:15,15
DA:18,6
LF:6
LH:6
BRDA:12,0,0,15
BRDA:12,0,1,9
BRF:2
BRH:2
end_of_record
TN:
SF:middleware/auth.js
FN:18,authenticateJWT
FN:36,ensureLoggedIn
FN:52,ensureIsAdmin
FN:68,ensureSameUser
FNF:4
FNH:4
FNDA:96,authenticateJWT
FNDA:67,ensureLoggedIn
FNDA:56,ensureIsAdmin
FNDA:23,ensureSameUser
DA:5,6
DA:6,6
DA:7,6
DA:19,96
DA:20,96
DA:21,96
DA:22,59
DA:23,59
DA:25,95
DA:27,1
DA:37,67
DA:38,67
DA:39,55
DA:41,12
DA:53,56
DA:54,56
DA:55,50
DA:56,38
DA:58,12
DA:69,23
DA:70,23
DA:71,7
DA:72,23
DA:74,0
DA:79,6
LF:25
LH:24
BRDA:20,0,0,96
BRDA:20,0,1,95
BRDA:21,1,0,59
BRDA:21,1,1,37
BRDA:38,2,0,12
BRDA:38,2,1,55
BRDA:54,3,0,6
BRDA:54,3,1,50
BRDA:55,4,0,12
BRDA:55,4,1,38
BRDA:70,5,0,7
BRDA:70,5,1,16
BRF:12
BRH:12
end_of_record
TN:
SF:models/_testCommon.js
FN:6,commonBeforeAll
FN:48,commonBeforeEach
FN:52,commonAfterEach
FN:56,commonAfterAll
FNF:4
FNH:4
FNDA:3,commonBeforeAll
FNDA:57,commonBeforeEach
FNDA:57,commonAfterEach
FNDA:3,commonAfterAll
DA:1,3
DA:3,3
DA:4,3
DA:8,3
DA:10,3
DA:12,3
DA:14,3
DA:16,3
DA:25,3
DA:41,3
DA:49,57
DA:53,57
DA:57,3
DA:60,3
LF:14
LH:14
BRF:0
BRH:0
end_of_record
TN:
SF:models/company.js
FN:19,(anonymous_0)
FN:52,(anonymous_1)
FN:73,(anonymous_2)
FN:111,(anonymous_3)
FN:136,(anonymous_4)
FN:155,(anonymous_5)
FN:185,(anonymous_6)
FNF:7
FNH:7
FNDA:16,(anonymous_0)
FNDA:3,(anonymous_1)
FNDA:10,(anonymous_2)
FNDA:6,(anonymous_3)
FNDA:6,(anonymous_4)
FNDA:6,(anonymous_5)
FNDA:4,(anonymous_6)
DA:3,6
DA:4,6
DA:5,6
DA:20,16
DA:26,16
DA:27,1
DA:29,15
DA:42,15
DA:44,15
DA:53,3
DA:61,2
DA:74,10
DA:75,10
DA:76,6
DA:78,10
DA:79,7
DA:81,10
DA:82,7
DA:84,10
DA:86,10
DA:95,10
DA:112,6
DA:128,6
DA:130,6
DA:132,4
DA:133,4
DA:134,4
DA:135,2
DA:136,6
DA:139,4
DA:140,4
DA:156,6
DA:162,5
DA:164,5
DA:172,5
DA:173,5
DA:175,5
DA:177,3
DA:186,4
DA:192,4
DA:194,4
DA:199,6
LF:42
LH:42
BRDA:26,0,0,1
BRDA:26,0,1,15
BRDA:75,1,0,6
BRDA:75,1,1,4
BRDA:78,2,0,7
BRDA:78,2,1,3
BRDA:81,3,0,7
BRDA:81,3,1,3
BRDA:130,4,0,2
BRDA:130,4,1,4
BRDA:134,5,0,2
BRDA:134,5,1,2
BRDA:175,6,0,2
BRDA:175,6,1,3
BRDA:194,7,0,2
BRDA:194,7,1,2
BRF:16
BRH:16
end_of_record
TN:
SF:models/job.js
FN:17,(anonymous_0)
FN:45,(anonymous_1)
FN:68,(anonymous_2)
FN:104,(anonymous_3)
FN:135,(anonymous_4)
FN:160,(anonymous_5)
FNF:6
FNH:6
FNDA:3,(anonymous_0)
FNDA:3,(anonymous_1)
FNDA:7,(anonymous_2)
FNDA:4,(anonymous_3)
FNDA:6,(anonymous_4)
FNDA:4,(anonymous_5)
DA:1,6
DA:2,6
DA:3,6
DA:18,3
DA:25,3
DA:26,1
DA:28,2
DA:35,2
DA:37,2
DA:46,3
DA:55,2
DA:69,7
DA:70,7
DA:71,4
DA:73,7
DA:74,4
DA:76,7
DA:77,4
DA:78,3
DA:81,7
DA:82,7
DA:84,7
DA:94,7
DA:105,4
DA:116,4
DA:118,4
DA:120,2
DA:136,6
DA:137,5
DA:139,5
DA:147,5
DA:148,5
DA:150,5
DA:152,3
DA:161,4
DA:168,4
DA:170,4
DA:174,6
LF:38
LH:38
BRDA:25,0,0,1
BRDA:25,0,1,2
BRDA:70,1,0,4
BRDA:70,1,1,3
BRDA:73,2,0,4
BRDA:73,2,1,3
BRDA:76,3,0,4
BRDA:76,3,1,3
BRDA:77,4,0,3
BRDA:77,4,1,1
BRDA:118,5,0,2
BRDA:118,5,1,2
BRDA:150,6,0,2
BRDA:150,6,1,3
BRDA:170,7,0,2
BRDA:170,7,1,2
BRF:16
BRH:16
end_of_record
TN:
SF:models/user.js
FN:24,(anonymous_0)
FN:59,(anonymous_1)
FN:103,(anonymous_2)
FN:125,(anonymous_3)
FN:147,(anonymous_4)
FN:168,(anonymous_5)
FN:199,(anonymous_6)
FN:218,(anonymous_7)
FNF:8
FNH:8
FNDA:8,(anonymous_0)
FNDA:19,(anonymous_1)
FNDA:3,(anonymous_2)
FNDA:6,(anonymous_3)
FNDA:2,(anonymous_4)
FNDA:9,(anonymous_5)
FNDA:5,(anonymous_6)
FNDA:12,(anonymous_7)
DA:3,6
DA:4,6
DA:5,6
DA:10,6
DA:12,6
DA:26,8
DA:38,8
DA:40,8
DA:42,5
DA:43,5
DA:44,4
DA:45,4
DA:49,4
DA:67,19
DA:74,19
DA:75,1
DA:78,18
DA:80,18
DA:93,18
DA:95,18
DA:104,3
DA:114,2
DA:126,6
DA:137,6
DA:139,6
DA:141,4
DA:147,4
DA:148,4
DA:169,9
DA:170,3
DA:173,9
DA:178,8
DA:180,8
DA:188,8
DA:189,8
DA:191,8
DA:193,6
DA:194,6
DA:200,5
DA:207,5
DA:209,5
DA:219,12
DA:220,12
DA:226,12
DA:227,2
DA:229,10
DA:235,10
DA:236,2
DA:238,8
DA:244,8
DA:245,1
DA:247,7
DA:253,7
DA:255,7
DA:256,7
DA:260,6
LF:56
LH:56
BRDA:40,0,0,5
BRDA:40,0,1,3
BRDA:43,1,0,4
BRDA:43,1,1,1
BRDA:74,2,0,1
BRDA:74,2,1,18
BRDA:139,3,0,2
BRDA:139,3,1,4
BRDA:169,4,0,3
BRDA:169,4,1,6
BRDA:191,5,0,2
BRDA:191,5,1,6
BRDA:209,6,0,2
BRDA:209,6,1,3
BRDA:226,7,0,2
BRDA:226,7,1,10
BRDA:235,8,0,2
BRDA:235,8,1,8
BRDA:244,9,0,1
BRDA:244,9,1,7
BRF:20
BRH:20
end_of_record
TN:
SF:routes/_testCommon.js
FN:8,commonBeforeAll
FN:70,commonBeforeEach
FN:74,commonAfterEach
FN:78,commonAfterAll
FNF:4
FNH:4
FNDA:4,commonBeforeAll
FNDA:90,commonBeforeEach
FNDA:90,commonAfterEach
FNDA:4,commonAfterAll
DA:3,4
DA:4,4
DA:5,4
DA:6,4
DA:10,4
DA:12,4
DA:14,4
DA:16,4
DA:23,4
DA:30,4
DA:38,4
DA:46,4
DA:54,4
DA:62,4
DA:71,90
DA:75,90
DA:79,4
DA:82,4
DA:83,4
DA:85,4
LF:20
LH:20
BRF:0
BRH:0
end_of_record
TN:
SF:routes/auth.js
FN:22,(anonymous_0)
FN:26,(anonymous_1)
FN:49,(anonymous_2)
FN:53,(anonymous_3)
FNF:4
FNH:4
FNDA:5,(anonymous_0)
FNDA:2,(anonymous_1)
FNDA:3,(anonymous_2)
FNDA:5,(anonymous_3)
DA:5,5
DA:7,5
DA:8,5
DA:9,5
DA:10,5
DA:11,5
DA:12,5
DA:13,5
DA:22,5
DA:23,5
DA:24,5
DA:25,5
DA:26,2
DA:27,2
DA:30,3
DA:31,3
DA:32,1
DA:33,1
DA:35,4
DA:49,5
DA:50,3
DA:51,3
DA:52,3
DA:53,5
DA:54,2
DA:57,1
DA:58,1
DA:59,1
DA:61,2
DA:66,5
LF:30
LH:30
BRDA:25,0,0,2
BRDA:25,0,1,3
BRDA:52,1,0,2
BRDA:52,1,1,1
BRF:4
BRH:4
end_of_record
TN:
SF:routes/companies.js
FN:27,(anonymous_0)
FN:31,(anonymous_1)
FN:53,(anonymous_2)
FN:111,(anonymous_3)
FN:131,(anonymous_4)
FN:135,(anonymous_5)
FN:151,(anonymous_6)
FNF:7
FNH:7
FNDA:3,(anonymous_0)
FNDA:3,(anonymous_1)
FNDA:11,(anonymous_2)
FNDA:3,(anonymous_3)
FNDA:4,(anonymous_4)
FNDA:2,(anonymous_5)
FNDA:2,(anonymous_6)
DA:5,5
DA:6,5
DA:8,5
DA:9,5
DA:10,5
DA:12,5
DA:13,5
DA:14,5
DA:16,5
DA:27,5
DA:28,3
DA:29,3
DA:30,3
DA:31,3
DA:32,2
DA:35,1
DA:36,1
DA:38,2
DA:53,5
DA:54,11
DA:55,11
DA:56,2
DA:57,1
DA:59,9
DA:61,9
DA:62,9
DA:63,9
DA:64,2
DA:66,7
DA:70,7
DA:71,7
DA:72,7
DA:73,2
DA:75,5
DA:79,5
DA:84,2
DA:91,3
DA:92,2
DA:95,3
DA:96,3
DA:99,1
DA:111,5
DA:112,3
DA:113,3
DA:114,2
DA:116,1
DA:131,5
DA:132,4
DA:133,4
DA:134,4
DA:135,2
DA:136,2
DA:139,2
DA:140,1
DA:142,3
DA:151,5
DA:152,2
DA:153,2
DA:154,1
DA:156,1
DA:160,5
LF:61
LH:61
BRDA:30,0,0,2
BRDA:30,0,1,1
BRDA:55,1,0,2
BRDA:55,1,1,9
BRDA:61,2,0,9
BRDA:61,2,1,0
BRDA:63,3,0,2
BRDA:63,3,1,7
BRDA:70,4,0,7
BRDA:70,4,1,0
BRDA:72,5,0,2
BRDA:72,5,1,5
BRDA:79,6,0,2
BRDA:79,6,1,3
BRDA:80,7,0,5
BRDA:80,7,1,5
BRDA:80,7,2,5
BRDA:91,8,0,2
BRDA:91,8,1,1
BRDA:134,9,0,2
BRDA:134,9,1,2
BRF:21
BRH:19
end_of_record
TN:
SF:routes/jobs.js
FN:25,(anonymous_0)
FN:29,(anonymous_1)
FN:51,(anonymous_2)
FN:108,(anonymous_3)
FN:128,(anonymous_4)
FN:132,(anonymous_5)
FN:148,(anonymous_6)
FNF:7
FNH:7
FNDA:3,(anonymous_0)
FNDA:2,(anonymous_1)
FNDA:2,(anonymous_2)
FNDA:2,(anonymous_3)
FNDA:5,(anonymous_4)
FNDA:3,(anonymous_5)
FNDA:2,(anonymous_6)
DA:3,5
DA:4,5
DA:6,5
DA:7,5
DA:8,5
DA:10,5
DA:11,5
DA:12,5
DA:14,5
DA:25,5
DA:26,3
DA:27,3
DA:28,3
DA:29,2
DA:30,2
DA:33,1
DA:34,1
DA:36,2
DA:51,5
DA:52,2
DA:53,2
DA:54,2
DA:55,1
DA:57,0
DA:59,0
DA:60,0
DA:61,0
DA:62,0
DA:64,0
DA:68,0
DA:69,0
DA:70,0
DA:71,0
DA:73,0
DA:77,0
DA:82,0
DA:89,0
DA:90,0
DA:93,0
DA:94,0
DA:97,1
DA:108,5
DA:109,2
DA:110,2
DA:111,1
DA:113,1
DA:128,5
DA:129,5
DA:130,5
DA:131,5
DA:132,3
DA:133,3
DA:136,2
DA:137,1
DA:139,4
DA:148,5
DA:149,2
DA:150,2
DA:151,1
DA:153,1
DA:157,5
LF:61
LH:44
BRDA:28,0,0,2
BRDA:28,0,1,1
BRDA:53,1,0,2
BRDA:53,1,1,0
BRDA:59,2,0,0
BRDA:59,2,1,0
BRDA:61,3,0,0
BRDA:61,3,1,0
BRDA:68,4,0,0
BRDA:68,4,1,0
BRDA:70,5,0,0
BRDA:70,5,1,0
BRDA:77,6,0,0
BRDA:77,6,1,0
BRDA:78,7,0,0
BRDA:78,7,1,0
BRDA:78,7,2,0
BRDA:89,8,0,0
BRDA:89,8,1,0
BRDA:131,9,0,3
BRDA:131,9,1,2
BRF:21
BRH:5
end_of_record
TN:
SF:routes/users.js
FN:30,(anonymous_0)
FN:34,(anonymous_1)
FN:54,(anonymous_2)
FN:72,(anonymous_3)
FN:92,(anonymous_4)
FN:96,(anonymous_5)
FN:113,(anonymous_6)
FN:128,(anonymous_7)
FNF:8
FNH:8
FNDA:4,(anonymous_0)
FNDA:5,(anonymous_1)
FNDA:2,(anonymous_2)
FNDA:3,(anonymous_3)
FNDA:6,(anonymous_4)
FNDA:1,(anonymous_5)
FNDA:3,(anonymous_6)
FNDA:5,(anonymous_7)
DA:5,5
DA:7,5
DA:8,5
DA:9,5
DA:10,5
DA:11,5
DA:12,5
DA:13,5
DA:15,5
DA:30,5
DA:31,4
DA:32,4
DA:33,4
DA:34,5
DA:35,2
DA:38,2
DA:39,2
DA:40,2
DA:42,2
DA:54,5
DA:55,2
DA:56,2
DA:57,1
DA:59,1
DA:72,5
DA:73,3
DA:74,3
DA:75,2
DA:77,1
DA:92,5
DA:93,6
DA:94,6
DA:95,6
DA:96,1
DA:97,1
DA:100,5
DA:101,4
DA:103,2
DA:113,5
DA:114,3
DA:115,3
DA:116,2
DA:118,1
DA:128,5
DA:129,5
DA:131,5
DA:132,3
DA:134,2
DA:138,5
LF:49
LH:49
BRDA:33,0,0,2
BRDA:33,0,1,2
BRDA:95,1,0,1
BRDA:95,1,1,5
BRF:4
BRH:4
end_of_record
